
> norskcoach@0.1.0 build
> next build

   ▲ Next.js 15.5.18
   - Environments: .env.local

   Creating an optimized production build ...
 ✓ Compiled successfully in 5.4s
   Linting and checking validity of types ...

./src/hooks/useSession.ts
193:6  Warning: React Hook useCallback has a missing dependency: 'sessionStore'. Either include it or remove the dependency array.  react-hooks/exhaustive-deps
238:6  Warning: React Hook useCallback has a missing dependency: 'sentences'. Either include it or remove the dependency array.  react-hooks/exhaustive-deps

info  - Need to disable some ESLint rules? Learn more here: https://nextjs.org/docs/app/api-reference/config/eslint#disabling-rules
   Collecting page data ...
 ⚠ Using edge runtime on a page currently disables static generation for that page
   Generating static pages (0/26) ...
   Generating static pages (6/26) 
   Generating static pages (12/26) 
   Generating static pages (19/26) 
 ✓ Generating static pages (26/26)
   Finalizing page optimization ...
   Collecting build traces ...

Route (app)                                 Size  First Load JS
┌ ○ /                                    7.41 kB         149 kB
├ ○ /_not-found                            998 B         104 kB
├ ○ /analytics                           4.37 kB         233 kB
├ ƒ /api/ai                                138 B         103 kB
├ ƒ /auth/callback                         138 B         103 kB
├ ○ /conversation                         8.9 kB         247 kB
├ ○ /dashboard                            162 kB         394 kB
├ ○ /drills                              7.56 kB         240 kB
├ ○ /eval                                5.66 kB         153 kB
├ ○ /help/mobile-reset                     165 B         106 kB
├ ƒ /icon                                  138 B         103 kB
├ ○ /journal                             7.11 kB         248 kB
├ ○ /listen                              9.73 kB         242 kB
├ ○ /login                               3.79 kB         210 kB
├ ○ /onboarding                          13.6 kB         152 kB
├ ○ /profile                             6.23 kB         200 kB
├ ○ /progress                            5.96 kB         235 kB
├ ○ /reading                             5.63 kB         238 kB
├ ○ /recalibrate                           138 B         103 kB
├ ○ /roleplay                            12.8 kB         245 kB
├ ○ /session                             35.8 kB         277 kB
├ ○ /session/complete                    5.75 kB         234 kB
├ ○ /shadow                              6.06 kB         238 kB
├ ○ /uke                                 4.29 kB         249 kB
└ ○ /vocab                               2.72 kB         144 kB
+ First Load JS shared by all             103 kB
  ├ chunks/1255-b28ea36bf0cdbd65.js      46.2 kB
  ├ chunks/4bd1b696-f785427dddbba9fb.js  54.2 kB
  └ other shared chunks (total)          2.21 kB


ƒ Middleware                             89.2 kB

○  (Static)   prerendered as static content
ƒ  (Dynamic)  server-rendered on demand

