
> norskcoach@0.1.0 dev
> next dev --turbopack

 ⚠ Port 3000 is in use by process 13780, using available port 3002 instead.
   ▲ Next.js 15.5.18 (Turbopack)
   - Local:        http://localhost:3002
   - Network:      http://192.168.0.7:3002
   - Environments: .env.local

 ✓ Starting...
 ✓ Compiled middleware in 315ms
 ✓ Ready in 1802ms
 ✓ Compiled middleware in 2ms
 ○ Compiling /skriv ...
 ✓ Compiled /skriv in 4.9s
 ⨯ [Error: ENOENT: no such file or directory, open 'C:\Users\daveb\Documents\GitHub\Language-app\.next\static\development\_buildManifest.js.tmp.av75qm4qzie'] {
  errno: -4058,
  code: 'ENOENT',
  syscall: 'open',
  path: 'C:\\Users\\daveb\\Documents\\GitHub\\Language-app\\.next\\static\\development\\_buildManifest.js.tmp.av75qm4qzie'
}
 ○ Compiling /_error ...
 ✓ Compiled /_error in 1541ms
 ⨯ [Error: ENOENT: no such file or directory, open 'C:\Users\daveb\Documents\GitHub\Language-app\.next\static\development\_buildManifest.js.tmp.38nmwn1kgu8'] {
  errno: -4058,
  code: 'ENOENT',
  syscall: 'open',
  path: 'C:\\Users\\daveb\\Documents\\GitHub\\Language-app\\.next\\static\\development\\_buildManifest.js.tmp.38nmwn1kgu8'
}
[Error: ENOENT: no such file or directory, open 'C:\Users\daveb\Documents\GitHub\Language-app\.next\static\development\_buildManifest.js.tmp.av75qm4qzie'] {
  errno: -4058,
  code: 'ENOENT',
  syscall: 'open',
  path: 'C:\\Users\\daveb\\Documents\\GitHub\\Language-app\\.next\\static\\development\\_buildManifest.js.tmp.av75qm4qzie'
}
 ⨯ [Error: ENOENT: no such file or directory, open 'C:\Users\daveb\Documents\GitHub\Language-app\.next\static\development\_buildManifest.js.tmp.tzz7o75huvl'] {
  errno: -4058,
  code: 'ENOENT',
  syscall: 'open',
  path: 'C:\\Users\\daveb\\Documents\\GitHub\\Language-app\\.next\\static\\development\\_buildManifest.js.tmp.tzz7o75huvl'
}
[Error: ENOENT: no such file or directory, open 'C:\Users\daveb\Documents\GitHub\Language-app\.next\static\development\_buildManifest.js.tmp.0up95k7e99n'] {
  errno: -4058,
  code: 'ENOENT',
  syscall: 'open',
  path: 'C:\\Users\\daveb\\Documents\\GitHub\\Language-app\\.next\\static\\development\\_buildManifest.js.tmp.0up95k7e99n'
}
 GET /skriv 200 in 548ms
 GET /skriv 200 in 237ms
 ○ Compiling /icon ...
 ✓ Compiled /icon in 1437ms
 GET /icon?6a53a0258eecf67b 200 in 1676ms
 GET /skriv 200 in 252ms
