[     700ms] Error: Hydration failed because the server rendered HTML didn't match the client. As a result this tree will be regenerated on the client. This can happen if a SSR-ed Client Component used:

- A server/client branch `if (typeof window !== 'undefined')`.
- Variable input such as `Date.now()` or `Math.random()` which changes each time it's called.
- Date formatting in a user's locale which doesn't match the server.
- External changing data without sending a snapshot of it along with the HTML.
- Invalid HTML tag nesting.

It can also happen if the client has a browser extension installed which messes with the HTML before React loaded.

https://react.dev/link/hydration-mismatch

  ...
    <RedirectBoundary>
      <RedirectErrorBoundary router={{...}}>
        <InnerLayoutRouter url="/journal" tree={[...]} cacheNode={{lazyData:null, ...}} segmentPath={[...]}>
          <SegmentViewNode type="page" pagePath="journal/pa...">
            <SegmentTrieNode>
            <ClientPageRoot Component={function JournalPage} searchParams={{}} params={{}}>
              <JournalPage params={Promise} searchParams={Promise}>
                <div className="nc-gradien...">
                  <main className="mx-auto fl...">
                    <motion.div>
                    <motion.div initial={{opacity:0,y:6}} animate={{opacity:1,y:0}} transition={{duration:0.3, ...}} ...>
                      <div className="relative z-10" style={{opacity:0, ...}} ref={function useMotionRef.useCallback}>
                        <WritingEditor>
                          <div className="flex flex-...">
                            <div>
                            <div
+                             className="flex gap-2"
-                             className="flex flex-col gap-1"
                            >
+                             <button
+                               onClick={function onClick}
+                               className="flex-1 rounded-full border py-2 text-[12px] font-bold transition-colors"
+                               style={{background:"#111118",borderColor:"#111118",color:"#C8FF00"}}
+                             >
-                             <textarea
-                               className="w-full min-h-[180px] resize-none rounded-xl bg-nc-card border border-nc-bor..."
-                               placeholder="Skriv på norsk her..."
-                             >
                              ...
                            ...
                  ...
          ...
        ...

    at throwOnHydrationMismatch (http://localhost:3000/_next/static/chunks/node_modules_next_dist_compiled_react-dom_1e674e59._.js:2892:56)
    at beginWork (http://localhost:3000/_next/static/chunks/node_modules_next_dist_compiled_react-dom_1e674e59._.js:6178:918)
    at runWithFiberInDEV (http://localhost:3000/_next/static/chunks/node_modules_next_dist_compiled_react-dom_1e674e59._.js:886:74)
    at performUnitOfWork (http://localhost:3000/_next/static/chunks/node_modules_next_dist_compiled_react-dom_1e674e59._.js:8298:97)
    at workLoopConcurrentByScheduler (http://localhost:3000/_next/static/chunks/node_modules_next_dist_compiled_react-dom_1e674e59._.js:8294:58)
    at renderRootConcurrent (http://localhost:3000/_next/static/chunks/node_modules_next_dist_compiled_react-dom_1e674e59._.js:8276:71)
    at performWorkOnRoot (http://localhost:3000/_next/static/chunks/node_modules_next_dist_compiled_react-dom_1e674e59._.js:7908:176)
    at performWorkOnRootViaSchedulerTask (http://localhost:3000/_next/static/chunks/node_modules_next_dist_compiled_react-dom_1e674e59._.js:8882:9)
    at MessagePort.performWorkUntilDeadline (http://localhost:3000/_next/static/chunks/node_modules_next_dist_compiled_5150ccfd._.js:2601:64)
