[  220937ms] [WARNING] Detected `scroll-behavior: smooth` on the `<html>` element. In a future version, Next.js will no longer automatically disable smooth scrolling during route transitions. To prepare for this change, add `data-scroll-behavior="smooth"` to your <html> element. Learn more: https://nextjs.org/docs/messages/missing-data-scroll-behavior @ http://localhost:3000/_next/static/chunks/node_modules_next_dist_b0daae9a._.js:1014
[  240355ms] [WARNING] [WebLLM] generateContent attempt 1: SyntaxError: Unexpected non-whitespace character after JSON at position 87 (line 2 column 1)
    at JSON.parse (<anonymous>)
    at WebLLMService.generateContent (http://localhost:3000/_next/static/chunks/_2162c6b4._.js:410:37)
    at async topUpConcept (http://localhost:3000/_next/static/chunks/_07c9686a._.js:2080:31) @ http://localhost:3000/_next/static/chunks/_2162c6b4._.js:441
[  249022ms] [WARNING] [WebLLM] generateContent attempt 1: SyntaxError: Unexpected non-whitespace character after JSON at position 94 (line 2 column 1)
    at JSON.parse (<anonymous>)
    at WebLLMService.generateContent (http://localhost:3000/_next/static/chunks/_2162c6b4._.js:410:37)
    at async topUpConcept (http://localhost:3000/_next/static/chunks/_07c9686a._.js:2080:31) @ http://localhost:3000/_next/static/chunks/_2162c6b4._.js:441
[  260296ms] [WARNING] [WebLLM] generateContent attempt 2: SyntaxError: Unexpected non-whitespace character after JSON at position 87 (line 2 column 1)
    at JSON.parse (<anonymous>)
    at WebLLMService.generateContent (http://localhost:3000/_next/static/chunks/_2162c6b4._.js:410:37)
    at async topUpConcept (http://localhost:3000/_next/static/chunks/_07c9686a._.js:2080:31) @ http://localhost:3000/_next/static/chunks/_2162c6b4._.js:441
[  278909ms] [WARNING] [WebLLM] generateContent attempt 1: SyntaxError: Unexpected non-whitespace character after JSON at position 229 (line 2 column 1)
    at JSON.parse (<anonymous>)
    at WebLLMService.generateContent (http://localhost:3000/_next/static/chunks/_2162c6b4._.js:410:37)
    at async topUpConcept (http://localhost:3000/_next/static/chunks/_07c9686a._.js:2080:31) @ http://localhost:3000/_next/static/chunks/_2162c6b4._.js:441
[  284239ms] [WARNING] [WebLLM] generateContent attempt 1: Error: WebLLM timeout
    at http://localhost:3000/_next/static/chunks/_2162c6b4._.js:358:60 @ http://localhost:3000/_next/static/chunks/_2162c6b4._.js:441
[  298914ms] [WARNING] [WebLLM] generateContent attempt 2: Error: WebLLM timeout
    at http://localhost:3000/_next/static/chunks/_2162c6b4._.js:358:60 @ http://localhost:3000/_next/static/chunks/_2162c6b4._.js:441
[  304243ms] [WARNING] [WebLLM] generateContent attempt 2: Error: WebLLM timeout
    at http://localhost:3000/_next/static/chunks/_2162c6b4._.js:358:60 @ http://localhost:3000/_next/static/chunks/_2162c6b4._.js:441
[  318915ms] [WARNING] [WebLLM] generateContent attempt 1: Error: WebLLM timeout
    at http://localhost:3000/_next/static/chunks/_2162c6b4._.js:358:60 @ http://localhost:3000/_next/static/chunks/_2162c6b4._.js:441
[  324246ms] [WARNING] [WebLLM] generateContent attempt 1: Error: WebLLM timeout
    at http://localhost:3000/_next/static/chunks/_2162c6b4._.js:358:60 @ http://localhost:3000/_next/static/chunks/_2162c6b4._.js:441
[  353382ms] [WARNING] [WebLLM] generateContent attempt 1: SyntaxError: Unexpected non-whitespace character after JSON at position 116 (line 2 column 1)
    at JSON.parse (<anonymous>)
    at WebLLMService.generateContent (http://localhost:3000/_next/static/chunks/_2162c6b4._.js:410:37)
    at async topUpConcept (http://localhost:3000/_next/static/chunks/_07c9686a._.js:2080:31) @ http://localhost:3000/_next/static/chunks/_2162c6b4._.js:441
[  430934ms] [WARNING] [WebLLM] generateContent attempt 1: SyntaxError: Unexpected non-whitespace character after JSON at position 76 (line 2 column 1)
    at JSON.parse (<anonymous>)
    at WebLLMService.generateContent (http://localhost:3000/_next/static/chunks/_2162c6b4._.js:410:37)
    at async topUpConcept (http://localhost:3000/_next/static/chunks/_07c9686a._.js:2080:31) @ http://localhost:3000/_next/static/chunks/_2162c6b4._.js:441
[  452655ms] [WARNING] [WebLLM] generateContent attempt 1: SyntaxError: Unexpected non-whitespace character after JSON at position 185 (line 3 column 1)
    at JSON.parse (<anonymous>)
    at WebLLMService.generateContent (http://localhost:3000/_next/static/chunks/_2162c6b4._.js:410:37)
    at async topUpConcept (http://localhost:3000/_next/static/chunks/_07c9686a._.js:2080:31) @ http://localhost:3000/_next/static/chunks/_2162c6b4._.js:441
[  466269ms] [WARNING] [WebLLM] generateContent attempt 2: SyntaxError: Unexpected non-whitespace character after JSON at position 152 (line 2 column 1)
    at JSON.parse (<anonymous>)
    at WebLLMService.generateContent (http://localhost:3000/_next/static/chunks/_2162c6b4._.js:410:37)
    at async topUpConcept (http://localhost:3000/_next/static/chunks/_07c9686a._.js:2080:31) @ http://localhost:3000/_next/static/chunks/_2162c6b4._.js:441
[  475393ms] [WARNING] [WebLLM] generateContent attempt 1: Error: WebLLM timeout
    at http://localhost:3000/_next/static/chunks/_2162c6b4._.js:358:60 @ http://localhost:3000/_next/static/chunks/_2162c6b4._.js:441
[  476557ms] [WARNING] [WebLLM] generateContent attempt 2: Error: WebLLM timeout
    at http://localhost:3000/_next/static/chunks/_2162c6b4._.js:358:60 @ http://localhost:3000/_next/static/chunks/_2162c6b4._.js:441
[  478412ms] [WARNING] [WebLLM] generateContent attempt 1: Error: WebLLM timeout
    at http://localhost:3000/_next/static/chunks/_2162c6b4._.js:358:60 @ http://localhost:3000/_next/static/chunks/_2162c6b4._.js:441
[  478412ms] [WARNING] [WebLLM] generateContent attempt 1: Error: WebLLM timeout
    at http://localhost:3000/_next/static/chunks/_2162c6b4._.js:358:60 @ http://localhost:3000/_next/static/chunks/_2162c6b4._.js:441
[  486276ms] [WARNING] [WebLLM] generateContent attempt 1: Error: WebLLM timeout
    at http://localhost:3000/_next/static/chunks/_2162c6b4._.js:358:60 @ http://localhost:3000/_next/static/chunks/_2162c6b4._.js:441
[  489941ms] [WARNING] [WebLLM] generateContent attempt 1: Error: WebLLM timeout
    at http://localhost:3000/_next/static/chunks/_2162c6b4._.js:358:60 @ http://localhost:3000/_next/static/chunks/_2162c6b4._.js:441
[  495397ms] [WARNING] [WebLLM] generateContent attempt 2: Error: WebLLM timeout
    at http://localhost:3000/_next/static/chunks/_2162c6b4._.js:358:60 @ http://localhost:3000/_next/static/chunks/_2162c6b4._.js:441
[  496560ms] [WARNING] [WebLLM] generateContent attempt 1: Error: WebLLM timeout
    at http://localhost:3000/_next/static/chunks/_2162c6b4._.js:358:60 @ http://localhost:3000/_next/static/chunks/_2162c6b4._.js:441
[  498414ms] [WARNING] [WebLLM] generateContent attempt 2: Error: WebLLM timeout
    at http://localhost:3000/_next/static/chunks/_2162c6b4._.js:358:60 @ http://localhost:3000/_next/static/chunks/_2162c6b4._.js:441
[  498414ms] [WARNING] [WebLLM] generateContent attempt 2: Error: WebLLM timeout
    at http://localhost:3000/_next/static/chunks/_2162c6b4._.js:358:60 @ http://localhost:3000/_next/static/chunks/_2162c6b4._.js:441
[  506290ms] [WARNING] [WebLLM] generateContent attempt 2: Error: WebLLM timeout
    at http://localhost:3000/_next/static/chunks/_2162c6b4._.js:358:60 @ http://localhost:3000/_next/static/chunks/_2162c6b4._.js:441
[  508960ms] [WARNING] [WebLLM] generateContent attempt 1: Error: WebLLM timeout
    at http://localhost:3000/_next/static/chunks/_2162c6b4._.js:358:60 @ http://localhost:3000/_next/static/chunks/_2162c6b4._.js:441
[  508960ms] [WARNING] [WebLLM] generateContent attempt 1: Error: WebLLM timeout
    at http://localhost:3000/_next/static/chunks/_2162c6b4._.js:358:60 @ http://localhost:3000/_next/static/chunks/_2162c6b4._.js:441
[  508960ms] [WARNING] [WebLLM] generateContent attempt 1: Error: WebLLM timeout
    at http://localhost:3000/_next/static/chunks/_2162c6b4._.js:358:60 @ http://localhost:3000/_next/static/chunks/_2162c6b4._.js:441
[  509944ms] [WARNING] [WebLLM] generateContent attempt 2: Error: WebLLM timeout
    at http://localhost:3000/_next/static/chunks/_2162c6b4._.js:358:60 @ http://localhost:3000/_next/static/chunks/_2162c6b4._.js:441
[  511963ms] [WARNING] [WebLLM] generateContent attempt 1: Error: WebLLM timeout
    at http://localhost:3000/_next/static/chunks/_2162c6b4._.js:358:60 @ http://localhost:3000/_next/static/chunks/_2162c6b4._.js:441
[  511963ms] [WARNING] [WebLLM] generateContent attempt 1: Error: WebLLM timeout
    at http://localhost:3000/_next/static/chunks/_2162c6b4._.js:358:60 @ http://localhost:3000/_next/static/chunks/_2162c6b4._.js:441
[  514979ms] [WARNING] [WebLLM] generateContent attempt 1: Error: WebLLM timeout
    at http://localhost:3000/_next/static/chunks/_2162c6b4._.js:358:60 @ http://localhost:3000/_next/static/chunks/_2162c6b4._.js:441
[  515412ms] [WARNING] [WebLLM] generateContent attempt 1: Error: WebLLM timeout
    at http://localhost:3000/_next/static/chunks/_2162c6b4._.js:358:60 @ http://localhost:3000/_next/static/chunks/_2162c6b4._.js:441
[  516563ms] [WARNING] [WebLLM] generateContent attempt 2: Error: WebLLM timeout
    at http://localhost:3000/_next/static/chunks/_2162c6b4._.js:358:60 @ http://localhost:3000/_next/static/chunks/_2162c6b4._.js:441
[  518415ms] [WARNING] [WebLLM] generateContent attempt 1: Error: WebLLM timeout
    at http://localhost:3000/_next/static/chunks/_2162c6b4._.js:358:60 @ http://localhost:3000/_next/static/chunks/_2162c6b4._.js:441
[  518415ms] [WARNING] [WebLLM] generateContent attempt 1: Error: WebLLM timeout
    at http://localhost:3000/_next/static/chunks/_2162c6b4._.js:358:60 @ http://localhost:3000/_next/static/chunks/_2162c6b4._.js:441
[  526292ms] [WARNING] [WebLLM] generateContent attempt 1: Error: WebLLM timeout
    at http://localhost:3000/_next/static/chunks/_2162c6b4._.js:358:60 @ http://localhost:3000/_next/static/chunks/_2162c6b4._.js:441
[  528965ms] [WARNING] [WebLLM] generateContent attempt 2: Error: WebLLM timeout
    at http://localhost:3000/_next/static/chunks/_2162c6b4._.js:358:60 @ http://localhost:3000/_next/static/chunks/_2162c6b4._.js:441
[  528965ms] [WARNING] [WebLLM] generateContent attempt 2: Error: WebLLM timeout
    at http://localhost:3000/_next/static/chunks/_2162c6b4._.js:358:60 @ http://localhost:3000/_next/static/chunks/_2162c6b4._.js:441
[  528965ms] [WARNING] [WebLLM] generateContent attempt 2: Error: WebLLM timeout
    at http://localhost:3000/_next/static/chunks/_2162c6b4._.js:358:60 @ http://localhost:3000/_next/static/chunks/_2162c6b4._.js:441
[  529947ms] [WARNING] [WebLLM] generateContent attempt 1: Error: WebLLM timeout
    at http://localhost:3000/_next/static/chunks/_2162c6b4._.js:358:60 @ http://localhost:3000/_next/static/chunks/_2162c6b4._.js:441
[  531966ms] [WARNING] [WebLLM] generateContent attempt 2: Error: WebLLM timeout
    at http://localhost:3000/_next/static/chunks/_2162c6b4._.js:358:60 @ http://localhost:3000/_next/static/chunks/_2162c6b4._.js:441
[  531966ms] [WARNING] [WebLLM] generateContent attempt 2: Error: WebLLM timeout
    at http://localhost:3000/_next/static/chunks/_2162c6b4._.js:358:60 @ http://localhost:3000/_next/static/chunks/_2162c6b4._.js:441
[  534994ms] [WARNING] [WebLLM] generateContent attempt 2: Error: WebLLM timeout
    at http://localhost:3000/_next/static/chunks/_2162c6b4._.js:358:60 @ http://localhost:3000/_next/static/chunks/_2162c6b4._.js:441
[  535414ms] [WARNING] [WebLLM] generateContent attempt 2: Error: WebLLM timeout
    at http://localhost:3000/_next/static/chunks/_2162c6b4._.js:358:60 @ http://localhost:3000/_next/static/chunks/_2162c6b4._.js:441
[  536566ms] [WARNING] [WebLLM] generateContent attempt 1: Error: WebLLM timeout
    at http://localhost:3000/_next/static/chunks/_2162c6b4._.js:358:60 @ http://localhost:3000/_next/static/chunks/_2162c6b4._.js:441
[  538428ms] [WARNING] [WebLLM] generateContent attempt 2: Error: WebLLM timeout
    at http://localhost:3000/_next/static/chunks/_2162c6b4._.js:358:60 @ http://localhost:3000/_next/static/chunks/_2162c6b4._.js:441
[  538429ms] [WARNING] [WebLLM] generateContent attempt 2: Error: WebLLM timeout
    at http://localhost:3000/_next/static/chunks/_2162c6b4._.js:358:60 @ http://localhost:3000/_next/static/chunks/_2162c6b4._.js:441
[  546293ms] [WARNING] [WebLLM] generateContent attempt 2: Error: WebLLM timeout
    at http://localhost:3000/_next/static/chunks/_2162c6b4._.js:358:60 @ http://localhost:3000/_next/static/chunks/_2162c6b4._.js:441
[  548969ms] [WARNING] [WebLLM] generateContent attempt 1: Error: WebLLM timeout
    at http://localhost:3000/_next/static/chunks/_2162c6b4._.js:358:60 @ http://localhost:3000/_next/static/chunks/_2162c6b4._.js:441
[  548969ms] [WARNING] [WebLLM] generateContent attempt 1: Error: WebLLM timeout
    at http://localhost:3000/_next/static/chunks/_2162c6b4._.js:358:60 @ http://localhost:3000/_next/static/chunks/_2162c6b4._.js:441
[  548969ms] [WARNING] [WebLLM] generateContent attempt 1: Error: WebLLM timeout
    at http://localhost:3000/_next/static/chunks/_2162c6b4._.js:358:60 @ http://localhost:3000/_next/static/chunks/_2162c6b4._.js:441
[  549950ms] [WARNING] [WebLLM] generateContent attempt 2: Error: WebLLM timeout
    at http://localhost:3000/_next/static/chunks/_2162c6b4._.js:358:60 @ http://localhost:3000/_next/static/chunks/_2162c6b4._.js:441
[  551977ms] [WARNING] [WebLLM] generateContent attempt 1: Error: WebLLM timeout
    at http://localhost:3000/_next/static/chunks/_2162c6b4._.js:358:60 @ http://localhost:3000/_next/static/chunks/_2162c6b4._.js:441
[  551977ms] [WARNING] [WebLLM] generateContent attempt 1: Error: WebLLM timeout
    at http://localhost:3000/_next/static/chunks/_2162c6b4._.js:358:60 @ http://localhost:3000/_next/static/chunks/_2162c6b4._.js:441
[  554997ms] [WARNING] [WebLLM] generateContent attempt 1: Error: WebLLM timeout
    at http://localhost:3000/_next/static/chunks/_2162c6b4._.js:358:60 @ http://localhost:3000/_next/static/chunks/_2162c6b4._.js:441
[  555418ms] [WARNING] [WebLLM] generateContent attempt 1: Error: WebLLM timeout
    at http://localhost:3000/_next/static/chunks/_2162c6b4._.js:358:60 @ http://localhost:3000/_next/static/chunks/_2162c6b4._.js:441
[  556570ms] [WARNING] [WebLLM] generateContent attempt 2: Error: WebLLM timeout
    at http://localhost:3000/_next/static/chunks/_2162c6b4._.js:358:60 @ http://localhost:3000/_next/static/chunks/_2162c6b4._.js:441
[  558430ms] [WARNING] [WebLLM] generateContent attempt 1: Error: WebLLM timeout
    at http://localhost:3000/_next/static/chunks/_2162c6b4._.js:358:60 @ http://localhost:3000/_next/static/chunks/_2162c6b4._.js:441
[  558430ms] [WARNING] [WebLLM] generateContent attempt 1: Error: WebLLM timeout
    at http://localhost:3000/_next/static/chunks/_2162c6b4._.js:358:60 @ http://localhost:3000/_next/static/chunks/_2162c6b4._.js:441
[  568970ms] [WARNING] [WebLLM] generateContent attempt 2: Error: WebLLM timeout
    at http://localhost:3000/_next/static/chunks/_2162c6b4._.js:358:60 @ http://localhost:3000/_next/static/chunks/_2162c6b4._.js:441
[  568970ms] [WARNING] [WebLLM] generateContent attempt 2: Error: WebLLM timeout
    at http://localhost:3000/_next/static/chunks/_2162c6b4._.js:358:60 @ http://localhost:3000/_next/static/chunks/_2162c6b4._.js:441
[  568970ms] [WARNING] [WebLLM] generateContent attempt 2: Error: WebLLM timeout
    at http://localhost:3000/_next/static/chunks/_2162c6b4._.js:358:60 @ http://localhost:3000/_next/static/chunks/_2162c6b4._.js:441
[  569954ms] [WARNING] [WebLLM] generateContent attempt 1: Error: WebLLM timeout
    at http://localhost:3000/_next/static/chunks/_2162c6b4._.js:358:60 @ http://localhost:3000/_next/static/chunks/_2162c6b4._.js:441
[  571978ms] [WARNING] [WebLLM] generateContent attempt 2: Error: WebLLM timeout
    at http://localhost:3000/_next/static/chunks/_2162c6b4._.js:358:60 @ http://localhost:3000/_next/static/chunks/_2162c6b4._.js:441
[  571978ms] [WARNING] [WebLLM] generateContent attempt 2: Error: WebLLM timeout
    at http://localhost:3000/_next/static/chunks/_2162c6b4._.js:358:60 @ http://localhost:3000/_next/static/chunks/_2162c6b4._.js:441
[  575001ms] [WARNING] [WebLLM] generateContent attempt 2: Error: WebLLM timeout
    at http://localhost:3000/_next/static/chunks/_2162c6b4._.js:358:60 @ http://localhost:3000/_next/static/chunks/_2162c6b4._.js:441
[  575422ms] [WARNING] [WebLLM] generateContent attempt 2: Error: WebLLM timeout
    at http://localhost:3000/_next/static/chunks/_2162c6b4._.js:358:60 @ http://localhost:3000/_next/static/chunks/_2162c6b4._.js:441
[  576575ms] [WARNING] [WebLLM] generateContent attempt 1: Error: WebLLM timeout
    at http://localhost:3000/_next/static/chunks/_2162c6b4._.js:358:60 @ http://localhost:3000/_next/static/chunks/_2162c6b4._.js:441
[  578433ms] [WARNING] [WebLLM] generateContent attempt 2: Error: WebLLM timeout
    at http://localhost:3000/_next/static/chunks/_2162c6b4._.js:358:60 @ http://localhost:3000/_next/static/chunks/_2162c6b4._.js:441
[  578434ms] [WARNING] [WebLLM] generateContent attempt 2: Error: WebLLM timeout
    at http://localhost:3000/_next/static/chunks/_2162c6b4._.js:358:60 @ http://localhost:3000/_next/static/chunks/_2162c6b4._.js:441
[  588973ms] [WARNING] [WebLLM] generateContent attempt 1: Error: WebLLM timeout
    at http://localhost:3000/_next/static/chunks/_2162c6b4._.js:358:60 @ http://localhost:3000/_next/static/chunks/_2162c6b4._.js:441
[  588973ms] [WARNING] [WebLLM] generateContent attempt 1: Error: WebLLM timeout
    at http://localhost:3000/_next/static/chunks/_2162c6b4._.js:358:60 @ http://localhost:3000/_next/static/chunks/_2162c6b4._.js:441
[  588973ms] [WARNING] [WebLLM] generateContent attempt 1: Error: WebLLM timeout
    at http://localhost:3000/_next/static/chunks/_2162c6b4._.js:358:60 @ http://localhost:3000/_next/static/chunks/_2162c6b4._.js:441
[  589965ms] [WARNING] [WebLLM] generateContent attempt 2: Error: WebLLM timeout
    at http://localhost:3000/_next/static/chunks/_2162c6b4._.js:358:60 @ http://localhost:3000/_next/static/chunks/_2162c6b4._.js:441
[  591980ms] [WARNING] [WebLLM] generateContent attempt 1: Error: WebLLM timeout
    at http://localhost:3000/_next/static/chunks/_2162c6b4._.js:358:60 @ http://localhost:3000/_next/static/chunks/_2162c6b4._.js:441
[  591980ms] [WARNING] [WebLLM] generateContent attempt 1: Error: WebLLM timeout
    at http://localhost:3000/_next/static/chunks/_2162c6b4._.js:358:60 @ http://localhost:3000/_next/static/chunks/_2162c6b4._.js:441
[  595004ms] [WARNING] [WebLLM] generateContent attempt 1: Error: WebLLM timeout
    at http://localhost:3000/_next/static/chunks/_2162c6b4._.js:358:60 @ http://localhost:3000/_next/static/chunks/_2162c6b4._.js:441
[  595427ms] [WARNING] [WebLLM] generateContent attempt 1: Error: WebLLM timeout
    at http://localhost:3000/_next/static/chunks/_2162c6b4._.js:358:60 @ http://localhost:3000/_next/static/chunks/_2162c6b4._.js:441
[  596576ms] [WARNING] [WebLLM] generateContent attempt 2: Error: WebLLM timeout
    at http://localhost:3000/_next/static/chunks/_2162c6b4._.js:358:60 @ http://localhost:3000/_next/static/chunks/_2162c6b4._.js:441
[  598437ms] [WARNING] [WebLLM] generateContent attempt 1: Error: WebLLM timeout
    at http://localhost:3000/_next/static/chunks/_2162c6b4._.js:358:60 @ http://localhost:3000/_next/static/chunks/_2162c6b4._.js:441
[  598437ms] [WARNING] [WebLLM] generateContent attempt 1: Error: WebLLM timeout
    at http://localhost:3000/_next/static/chunks/_2162c6b4._.js:358:60 @ http://localhost:3000/_next/static/chunks/_2162c6b4._.js:441
[  608986ms] [WARNING] [WebLLM] generateContent attempt 2: Error: WebLLM timeout
    at http://localhost:3000/_next/static/chunks/_2162c6b4._.js:358:60 @ http://localhost:3000/_next/static/chunks/_2162c6b4._.js:441
[  608987ms] [WARNING] [WebLLM] generateContent attempt 2: Error: WebLLM timeout
    at http://localhost:3000/_next/static/chunks/_2162c6b4._.js:358:60 @ http://localhost:3000/_next/static/chunks/_2162c6b4._.js:441
[  608987ms] [WARNING] [WebLLM] generateContent attempt 2: Error: WebLLM timeout
    at http://localhost:3000/_next/static/chunks/_2162c6b4._.js:358:60 @ http://localhost:3000/_next/static/chunks/_2162c6b4._.js:441
[  609969ms] [WARNING] [WebLLM] generateContent attempt 1: Error: WebLLM timeout
    at http://localhost:3000/_next/static/chunks/_2162c6b4._.js:358:60 @ http://localhost:3000/_next/static/chunks/_2162c6b4._.js:441
[  611983ms] [WARNING] [WebLLM] generateContent attempt 2: Error: WebLLM timeout
    at http://localhost:3000/_next/static/chunks/_2162c6b4._.js:358:60 @ http://localhost:3000/_next/static/chunks/_2162c6b4._.js:441
[  611984ms] [WARNING] [WebLLM] generateContent attempt 2: Error: WebLLM timeout
    at http://localhost:3000/_next/static/chunks/_2162c6b4._.js:358:60 @ http://localhost:3000/_next/static/chunks/_2162c6b4._.js:441
[  615007ms] [WARNING] [WebLLM] generateContent attempt 2: Error: WebLLM timeout
    at http://localhost:3000/_next/static/chunks/_2162c6b4._.js:358:60 @ http://localhost:3000/_next/static/chunks/_2162c6b4._.js:441
[  615429ms] [WARNING] [WebLLM] generateContent attempt 2: Error: WebLLM timeout
    at http://localhost:3000/_next/static/chunks/_2162c6b4._.js:358:60 @ http://localhost:3000/_next/static/chunks/_2162c6b4._.js:441
[  618438ms] [WARNING] [WebLLM] generateContent attempt 2: Error: WebLLM timeout
    at http://localhost:3000/_next/static/chunks/_2162c6b4._.js:358:60 @ http://localhost:3000/_next/static/chunks/_2162c6b4._.js:441
[  618438ms] [WARNING] [WebLLM] generateContent attempt 2: Error: WebLLM timeout
    at http://localhost:3000/_next/static/chunks/_2162c6b4._.js:358:60 @ http://localhost:3000/_next/static/chunks/_2162c6b4._.js:441
[  628988ms] [WARNING] [WebLLM] generateContent attempt 1: Error: WebLLM timeout
    at http://localhost:3000/_next/static/chunks/_2162c6b4._.js:358:60 @ http://localhost:3000/_next/static/chunks/_2162c6b4._.js:441
[  628988ms] [WARNING] [WebLLM] generateContent attempt 1: Error: WebLLM timeout
    at http://localhost:3000/_next/static/chunks/_2162c6b4._.js:358:60 @ http://localhost:3000/_next/static/chunks/_2162c6b4._.js:441
[  628989ms] [WARNING] [WebLLM] generateContent attempt 1: Error: WebLLM timeout
    at http://localhost:3000/_next/static/chunks/_2162c6b4._.js:358:60 @ http://localhost:3000/_next/static/chunks/_2162c6b4._.js:441
[  629971ms] [WARNING] [WebLLM] generateContent attempt 2: Error: WebLLM timeout
    at http://localhost:3000/_next/static/chunks/_2162c6b4._.js:358:60 @ http://localhost:3000/_next/static/chunks/_2162c6b4._.js:441
[  631987ms] [WARNING] [WebLLM] generateContent attempt 1: Error: WebLLM timeout
    at http://localhost:3000/_next/static/chunks/_2162c6b4._.js:358:60 @ http://localhost:3000/_next/static/chunks/_2162c6b4._.js:441
[  631987ms] [WARNING] [WebLLM] generateContent attempt 1: Error: WebLLM timeout
    at http://localhost:3000/_next/static/chunks/_2162c6b4._.js:358:60 @ http://localhost:3000/_next/static/chunks/_2162c6b4._.js:441
[  635010ms] [WARNING] [WebLLM] generateContent attempt 1: Error: WebLLM timeout
    at http://localhost:3000/_next/static/chunks/_2162c6b4._.js:358:60 @ http://localhost:3000/_next/static/chunks/_2162c6b4._.js:441
[  635432ms] [WARNING] [WebLLM] generateContent attempt 1: Error: WebLLM timeout
    at http://localhost:3000/_next/static/chunks/_2162c6b4._.js:358:60 @ http://localhost:3000/_next/static/chunks/_2162c6b4._.js:441
