[   35571ms] [ERROR] Failed to load resource: the server responded with a status of 500 (Internal Server Error) @ http://localhost:3000/?_rsc=_mjR7ylJSLpkZcZ3:0
[   35627ms] [ERROR] Failed to load resource: the server responded with a status of 500 (Internal Server Error) @ http://localhost:3000/:0
[   35892ms] ReferenceError: Syne is not defined
    at __TURBOPACK__module__evaluation__ (file://C:\Users\daveb\Documents\GitHub\Language-app\.next\server\chunks\ssr\[root-of-the-server]__0ee53ecc._.js:82:14)
    at instantiateModule (file://C:\Users\daveb\Documents\GitHub\Language-app\.next\server\chunks\ssr\[turbopack]_runtime.js:702:9)
    at getOrInstantiateModuleFromParent (file://C:\Users\daveb\Documents\GitHub\Language-app\.next\server\chunks\ssr\[turbopack]_runtime.js:725:12)
    at Context.esmImport [as i] (file://C:\Users\daveb\Documents\GitHub\Language-app\.next\server\chunks\ssr\[turbopack]_runtime.js:215:20)
    at __TURBOPACK__module__evaluation__ (file://C:\Users\daveb\Documents\GitHub\Language-app\.next\server\chunks\ssr\[root-of-the-server]__fde866cd._.js:7:47)
    at instantiateModule (file://C:\Users\daveb\Documents\GitHub\Language-app\.next\server\chunks\ssr\[turbopack]_runtime.js:702:9)
    at getOrInstantiateModuleFromParent (file://C:\Users\daveb\Documents\GitHub\Language-app\.next\server\chunks\ssr\[turbopack]_runtime.js:725:12)
    at Context.esmImport [as i] (file://C:\Users\daveb\Documents\GitHub\Language-app\.next\server\chunks\ssr\[turbopack]_runtime.js:215:20)
    at __TURBOPACK__module__evaluation__ (file://C:\Users\daveb\Documents\GitHub\Language-app\.next\server\chunks\ssr\node_modules_2d7ac126._.js:3085:182)
    at instantiateModule (file://C:\Users\daveb\Documents\GitHub\Language-app\.next\server\chunks\ssr\[turbopack]_runtime.js:702:9)
    at getOrInstantiateModuleFromParent (file://C:\Users\daveb\Documents\GitHub\Language-app\.next\server\chunks\ssr\[turbopack]_runtime.js:725:12)
    at Context.esmImport [as i] (file://C:\Users\daveb\Documents\GitHub\Language-app\.next\server\chunks\ssr\[turbopack]_runtime.js:215:20)
    at __TURBOPACK__module__evaluation__ (file://C:\Users\daveb\Documents\GitHub\Language-app\.next\server\chunks\ssr\node_modules_2d7ac126._.js:4147:1559)
    at instantiateModule (file://C:\Users\daveb\Documents\GitHub\Language-app\.next\server\chunks\ssr\[turbopack]_runtime.js:702:9)
    at instantiateRuntimeModule (file://C:\Users\daveb\Documents\GitHub\Language-app\.next\server\chunks\ssr\[turbopack]_runtime.js:730:12)
    at getOrInstantiateRuntimeModule (file://C:\Users\daveb\Documents\GitHub\Language-app\.next\server\chunks\ssr\[turbopack]_runtime.js:743:12)
    at Object.m (file://C:\Users\daveb\Documents\GitHub\Language-app\.next\server\chunks\ssr\[turbopack]_runtime.js:752:18)
    at Object.<anonymous> (file://C:\Users\daveb\Documents\GitHub\Language-app\.next\server\app\page.js:12:3)
    at Module._compile (node:internal/modules/cjs/loader:1804:14)
    at Object..js (node:internal/modules/cjs/loader:1936:10)
    at Module.load (node:internal/modules/cjs/loader:1525:32)
    at Module._load (node:internal/modules/cjs/loader:1327:12)
    at TracingChannel.traceSync (node:diagnostics_channel:328:14)
    at wrapModuleLoad (node:internal/modules/cjs/loader:245:24)
    at Module.<anonymous> (node:internal/modules/cjs/loader:1548:12)
    at mod.require (file://C:\Users\daveb\Documents\GitHub\Language-app\node_modules\next\dist\server\require-hook.js:68:28)
    at require (node:internal/modules/helpers:152:16)
    at requirePage (file://C:\Users\daveb\Documents\GitHub\Language-app\node_modules\next\dist\server\require.js:99:80)
    at loadComponentsImpl (file://C:\Users\daveb\Documents\GitHub\Language-app\node_modules\next\dist\server\load-components.js:132:57)
    at async DevServer.findPageComponentsImpl (file://C:\Users\daveb\Documents\GitHub\Language-app\node_modules\next\dist\server\next-server.js:900:36)
    at async DevServer.findPageComponents (file://C:\Users\daveb\Documents\GitHub\Language-app\node_modules\next\dist\server\dev\next-dev-server.js:706:16)
    at async DevServer.renderPageComponent (file://C:\Users\daveb\Documents\GitHub\Language-app\node_modules\next\dist\server\base-server.js:1468:24)
    at async DevServer.renderToResponseImpl (file://C:\Users\daveb\Documents\GitHub\Language-app\node_modules\next\dist\server\base-server.js:1522:32)
    at async DevServer.pipeImpl (file://C:\Users\daveb\Documents\GitHub\Language-app\node_modules\next\dist\server\base-server.js:1026:25)
    at async NextNodeServer.handleCatchallRenderRequest (file://C:\Users\daveb\Documents\GitHub\Language-app\node_modules\next\dist\server\next-server.js:394:17)
    at async DevServer.handleRequestImpl (file://C:\Users\daveb\Documents\GitHub\Language-app\node_modules\next\dist\server\base-server.js:917:17)
    at async (file://C:\Users\daveb\Documents\GitHub\Language-app\node_modules\next\dist\server\dev\next-dev-server.js:400:20)
    at async Span.traceAsyncFn (file://C:\Users\daveb\Documents\GitHub\Language-app\node_modules\next\dist\trace\trace.js:157:20)
    at async DevServer.handleRequest (file://C:\Users\daveb\Documents\GitHub\Language-app\node_modules\next\dist\server\dev\next-dev-server.js:396:24)
    at async invokeRender (file://C:\Users\daveb\Documents\GitHub\Language-app\node_modules\next\dist\server\lib\router-server.js:240:21)
    at async handleRequest (file://C:\Users\daveb\Documents\GitHub\Language-app\node_modules\next\dist\server\lib\router-server.js:437:24)
    at async requestHandlerImpl (file://C:\Users\daveb\Documents\GitHub\Language-app\node_modules\next\dist\server\lib\router-server.js:485:13)
    at async Server.requestListener (file://C:\Users\daveb\Documents\GitHub\Language-app\node_modules\next\dist\server\lib\start-server.js:226:13)
[   48406ms] [ERROR] Failed to load resource: the server responded with a status of 500 (Internal Server Error) @ http://localhost:3000/:0
[   48518ms] ReferenceError: syne is not defined
    at RootLayout (about://React/Server/C:%5CUsers%5Cdaveb%5CDocuments%5CGitHub%5CLanguage-app%5C.next%5Cserver%5Cchunks%5Cssr%5C%5Broot-of-the-server%5D__b407d7da._.js?32:125:23)
    at resolveErrorDev (http://localhost:3000/_next/static/chunks/node_modules_next_dist_compiled_5150ccfd._.js:4306:48)
    at processFullStringRow (http://localhost:3000/_next/static/chunks/node_modules_next_dist_compiled_5150ccfd._.js:4554:29)
    at processFullBinaryRow (http://localhost:3000/_next/static/chunks/node_modules_next_dist_compiled_5150ccfd._.js:4513:9)
    at processBinaryChunk (http://localhost:3000/_next/static/chunks/node_modules_next_dist_compiled_5150ccfd._.js:4622:98)
    at progress (http://localhost:3000/_next/static/chunks/node_modules_next_dist_compiled_5150ccfd._.js:4790:25)
[   49894ms] [WARNING] [Fast Refresh] performing full reload because your application had an unrecoverable error @ http://localhost:3000/_next/static/chunks/node_modules_next_dist_client_cf1d9188._.js:6289
[   50143ms] [ERROR] Failed to load resource: the server responded with a status of 500 (Internal Server Error) @ http://localhost:3000/:0
[   50277ms] ReferenceError: syne is not defined
    at RootLayout (about://React/Server/C:%5CUsers%5Cdaveb%5CDocuments%5CGitHub%5CLanguage-app%5C.next%5Cserver%5Cchunks%5Cssr%5C%5Broot-of-the-server%5D__b407d7da._.js?32:125:23)
    at resolveErrorDev (http://localhost:3000/_next/static/chunks/node_modules_next_dist_compiled_5150ccfd._.js:4306:48)
    at processFullStringRow (http://localhost:3000/_next/static/chunks/node_modules_next_dist_compiled_5150ccfd._.js:4554:29)
    at processFullBinaryRow (http://localhost:3000/_next/static/chunks/node_modules_next_dist_compiled_5150ccfd._.js:4513:9)
    at processBinaryChunk (http://localhost:3000/_next/static/chunks/node_modules_next_dist_compiled_5150ccfd._.js:4622:98)
    at progress (http://localhost:3000/_next/static/chunks/node_modules_next_dist_compiled_5150ccfd._.js:4790:25)
