[     612ms] Error: Hydration failed because the server rendered text didn't match the client. As a result this tree will be regenerated on the client. This can happen if a SSR-ed Client Component used:

- A server/client branch `if (typeof window !== 'undefined')`.
- Variable input such as `Date.now()` or `Math.random()` which changes each time it's called.
- Date formatting in a user's locale which doesn't match the server.
- External changing data without sending a snapshot of it along with the HTML.
- Invalid HTML tag nesting.

It can also happen if the client has a browser extension installed which messes with the HTML before React loaded.

https://react.dev/link/hydration-mismatch

  ...
    <TestWoPage params={Promise} searchParams={Promise}>
      <div className="nc-gradien...">
        <div className="mx-auto w-...">
          <p>
          <div className="nc-glass p...">
            <WordOrderExercise item={{id:"test-i...", ...}} sentence={{id:"test-s-wo", ...}} sessionId="test-session" ...>
              <div className="space-y-5">
                <p>
                <DndContext sensors={[...]} collisionDetection={function closestCenter} ...>
                  <SortableContext items={[...]} strategy={function horizontalListSortingStrategy}>
                    <div className="flex flex-...">
                      <WordTile id="tile-4" word="til">
                        <div
                          ref={function useCombinedRefs.useMemo}
                          style={{transform:undefined,transition:undefined,opacity:1}}
                          role="button"
                          tabIndex={0}
                          aria-disabled={false}
                          aria-pressed={undefined}
                          aria-roledescription="sortable"
                          aria-describedby="DndDescribedBy-0"
                          onPointerDown={function useSyntheticListeners.useMemo}
                          onTouchStart={function useSyntheticListeners.useMemo}
                          onKeyDown={function useSyntheticListeners.useMemo}
                          className="cursor-grab touch-none select-none rounded-xl border border-white/20 bg-white/10 ..."
                        >
+                         til
-                         vi
                      ...
                  ...
                  ...
                ...

    at throwOnHydrationMismatch (http://localhost:3000/_next/static/chunks/node_modules_next_dist_compiled_react-dom_1e674e59._.js:2892:56)
    at prepareToHydrateHostInstance (http://localhost:3000/_next/static/chunks/node_modules_next_dist_compiled_react-dom_1e674e59._.js:2946:23)
    at completeWork (http://localhost:3000/_next/static/chunks/node_modules_next_dist_compiled_react-dom_1e674e59._.js:6330:60)
    at runWithFiberInDEV (http://localhost:3000/_next/static/chunks/node_modules_next_dist_compiled_react-dom_1e674e59._.js:886:74)
    at completeUnitOfWork (http://localhost:3000/_next/static/chunks/node_modules_next_dist_compiled_react-dom_1e674e59._.js:8363:23)
    at performUnitOfWork (http://localhost:3000/_next/static/chunks/node_modules_next_dist_compiled_react-dom_1e674e59._.js:8300:28)
    at workLoopConcurrentByScheduler (http://localhost:3000/_next/static/chunks/node_modules_next_dist_compiled_react-dom_1e674e59._.js:8294:58)
    at renderRootConcurrent (http://localhost:3000/_next/static/chunks/node_modules_next_dist_compiled_react-dom_1e674e59._.js:8276:71)
    at performWorkOnRoot (http://localhost:3000/_next/static/chunks/node_modules_next_dist_compiled_react-dom_1e674e59._.js:7908:176)
    at performWorkOnRootViaSchedulerTask (http://localhost:3000/_next/static/chunks/node_modules_next_dist_compiled_react-dom_1e674e59._.js:8882:9)
    at MessagePort.performWorkUntilDeadline (http://localhost:3000/_next/static/chunks/node_modules_next_dist_compiled_5150ccfd._.js:2601:64)
[   82248ms] [ERROR] Failed to load resource: the server responded with a status of 404 (Not Found) @ http://localhost:3000/test-wo?_rsc=MkhcoodsIVND_q0g:0
[   82560ms] [ERROR] Failed to load resource: the server responded with a status of 404 (Not Found) @ http://localhost:3000/test-wo?_rsc=MkhcoodsIVND_q0g:0
[   82908ms] [ERROR] Failed to load resource: the server responded with a status of 404 (Not Found) @ http://localhost:3000/test-wo:0
[  411303ms] [ERROR] Failed to load resource: the server responded with a status of 404 (Not Found) @ http://localhost:3000/test-wo?_rsc=gi8Ae-5kNIvHjayT:0
[  411694ms] [ERROR] Failed to load resource: the server responded with a status of 404 (Not Found) @ http://localhost:3000/test-wo?_rsc=gi8Ae-5kNIvHjayT:0
[  412049ms] [ERROR] Failed to load resource: the server responded with a status of 404 (Not Found) @ http://localhost:3000/test-wo:0
