[     567ms] [WARNING] [scheduler] skipping "negation-placement" — no eligible sentence for any type in pool @ http://localhost:3000/_next/static/chunks/_30228449._.js:741
[     567ms] [WARNING] [scheduler] skipping "adjective-agreement" — no eligible sentence for any type in pool @ http://localhost:3000/_next/static/chunks/_30228449._.js:741
[     568ms] [WARNING] [scheduler] skipping "v2-word-order" — no eligible sentence for any type in pool @ http://localhost:3000/_next/static/chunks/_30228449._.js:741
[     568ms] [WARNING] [scheduler] skipping "modal-verbs" — no eligible sentence for any type in pool @ http://localhost:3000/_next/static/chunks/_30228449._.js:741
[     568ms] [WARNING] [scheduler] skipping "negation-placement" — no eligible sentence for any type in pool @ http://localhost:3000/_next/static/chunks/_30228449._.js:741
[     568ms] [WARNING] [scheduler] skipping "negation-placement" — no eligible sentence for any type in pool @ http://localhost:3000/_next/static/chunks/_30228449._.js:741
[     569ms] [WARNING] [scheduler] skipping "negation-placement" — no eligible sentence for any type in pool @ http://localhost:3000/_next/static/chunks/_30228449._.js:741
[     569ms] [WARNING] [scheduler] skipping "adjective-agreement" — no eligible sentence for any type in pool @ http://localhost:3000/_next/static/chunks/_30228449._.js:741
[     569ms] [WARNING] [scheduler] skipping "v2-word-order" — no eligible sentence for any type in pool @ http://localhost:3000/_next/static/chunks/_30228449._.js:741
[     569ms] [WARNING] [scheduler] skipping "modal-verbs" — no eligible sentence for any type in pool @ http://localhost:3000/_next/static/chunks/_30228449._.js:741
[     570ms] [WARNING] [scheduler] skipping "negation-placement" — no eligible sentence for any type in pool @ http://localhost:3000/_next/static/chunks/_30228449._.js:741
[     570ms] [WARNING] [scheduler] skipping "negation-placement" — no eligible sentence for any type in pool @ http://localhost:3000/_next/static/chunks/_30228449._.js:741
[   83264ms] [WARNING] Detected `scroll-behavior: smooth` on the `<html>` element. In a future version, Next.js will no longer automatically disable smooth scrolling during route transitions. To prepare for this change, add `data-scroll-behavior="smooth"` to your <html> element. Learn more: https://nextjs.org/docs/messages/missing-data-scroll-behavior @ http://localhost:3000/_next/static/chunks/node_modules_next_dist_b0daae9a._.js:1014
[   83271ms] [WARNING] [scheduler] skipping "negation-placement" — no eligible sentence for any type in pool @ http://localhost:3000/_next/static/chunks/_30228449._.js:741
[   83272ms] [WARNING] [scheduler] skipping "modal-verbs" — no eligible sentence for any type in pool @ http://localhost:3000/_next/static/chunks/_30228449._.js:741
[   83272ms] [WARNING] [scheduler] skipping "negation-placement" — no eligible sentence for any type in pool @ http://localhost:3000/_next/static/chunks/_30228449._.js:741
[   83272ms] [WARNING] [scheduler] skipping "negation-placement" — no eligible sentence for any type in pool @ http://localhost:3000/_next/static/chunks/_30228449._.js:741
[   83272ms] [WARNING] [scheduler] skipping "negation-placement" — no eligible sentence for any type in pool @ http://localhost:3000/_next/static/chunks/_30228449._.js:741
[   83273ms] [WARNING] [scheduler] skipping "modal-verbs" — no eligible sentence for any type in pool @ http://localhost:3000/_next/static/chunks/_30228449._.js:741
[   83273ms] [WARNING] [scheduler] skipping "negation-placement" — no eligible sentence for any type in pool @ http://localhost:3000/_next/static/chunks/_30228449._.js:741
