[    3095ms] Error: Hydration failed because the server rendered HTML didn't match the client. As a result this tree will be regenerated on the client. This can happen if a SSR-ed Client Component used:

- A server/client branch `if (typeof window !== 'undefined')`.
- Variable input such as `Date.now()` or `Math.random()` which changes each time it's called.
- Date formatting in a user's locale which doesn't match the server.
- External changing data without sending a snapshot of it along with the HTML.
- Invalid HTML tag nesting.

It can also happen if the client has a browser extension installed which messes with the HTML before React loaded.

https://react.dev/link/hydration-mismatch

  ...
    <RedirectBoundary>
      <RedirectErrorBoundary router={{...}}>
        <InnerLayoutRouter url="/journal" tree={[...]} cacheNode={{lazyData:null, ...}} segmentPath={[...]}>
          <SegmentViewNode type="page" pagePath="journal/pa...">
            <SegmentTrieNode>
            <ClientPageRoot Component={function JournalPage} searchParams={{}} params={{}}>
              <JournalPage params={Promise} searchParams={Promise}>
                <div className="nc-gradien...">
                  <main className="mx-auto fl...">
                    <motion.div>
                    <motion.div initial={{opacity:0,y:6}} animate={{opacity:1,y:0}} transition={{duration:0.3, ...}} ...>
                      <div className="relative z-10" style={{opacity:0, ...}} ref={function}>
                        <WritingEditor>
                          <div className="flex flex-...">
                            <div>
                            <div
+                             className="flex gap-2"
-                             className="flex flex-col gap-1"
                            >
+                             <button
+                               onClick={function onClick}
+                               className="flex-1 rounded-full border py-2 text-[12px] font-bold transition-colors"
+                               style={{background:"#111118",borderColor:"#111118",color:"#C8FF00"}}
+                             >
-                             <textarea
-                               className="w-full min-h-[180px] resize-none rounded-xl bg-nc-card border border-nc-bor..."
-                               placeholder="Skriv på norsk her..."
-                             >
                              ...
                            ...
                  ...
          ...
        ...

    at throwOnHydrationMismatch (webpack-internal:///(app-pages-browser)/./node_modules/next/dist/compiled/react-dom/cjs/react-dom-client.development.js:4506:11)
    at beginWork (webpack-internal:///(app-pages-browser)/./node_modules/next/dist/compiled/react-dom/cjs/react-dom-client.development.js:11107:17)
    at runWithFiberInDEV (webpack-internal:///(app-pages-browser)/./node_modules/next/dist/compiled/react-dom/cjs/react-dom-client.development.js:872:30)
    at performUnitOfWork (webpack-internal:///(app-pages-browser)/./node_modules/next/dist/compiled/react-dom/cjs/react-dom-client.development.js:15727:22)
    at workLoopConcurrentByScheduler (webpack-internal:///(app-pages-browser)/./node_modules/next/dist/compiled/react-dom/cjs/react-dom-client.development.js:15721:9)
    at renderRootConcurrent (webpack-internal:///(app-pages-browser)/./node_modules/next/dist/compiled/react-dom/cjs/react-dom-client.development.js:15696:15)
    at performWorkOnRoot (webpack-internal:///(app-pages-browser)/./node_modules/next/dist/compiled/react-dom/cjs/react-dom-client.development.js:14990:13)
    at performWorkOnRootViaSchedulerTask (webpack-internal:///(app-pages-browser)/./node_modules/next/dist/compiled/react-dom/cjs/react-dom-client.development.js:16816:7)
    at MessagePort.performWorkUntilDeadline (webpack-internal:///(app-pages-browser)/./node_modules/next/dist/compiled/scheduler/cjs/scheduler.development.js:45:48)
