[     762ms] [WARNING] Detected `scroll-behavior: smooth` on the `<html>` element. In a future version, Next.js will no longer automatically disable smooth scrolling during route transitions. To prepare for this change, add `data-scroll-behavior="smooth"` to your <html> element. Learn more: https://nextjs.org/docs/messages/missing-data-scroll-behavior @ http://localhost:3000/_next/static/chunks/node_modules_next_dist_b0daae9a._.js:1014
[     875ms] [WARNING] [scheduler] skipping "negation-placement" — no eligible sentence for any type in pool @ http://localhost:3000/_next/static/chunks/_52348519._.js:1055
[     876ms] [WARNING] [scheduler] skipping "adjective-agreement" — no eligible sentence for any type in pool @ http://localhost:3000/_next/static/chunks/_52348519._.js:1055
[     876ms] [WARNING] [scheduler] skipping "v2-word-order" — no eligible sentence for any type in pool @ http://localhost:3000/_next/static/chunks/_52348519._.js:1055
[     876ms] [WARNING] [scheduler] skipping "modal-verbs" — no eligible sentence for any type in pool @ http://localhost:3000/_next/static/chunks/_52348519._.js:1055
[     877ms] [WARNING] [scheduler] skipping "negation-placement" — no eligible sentence for any type in pool @ http://localhost:3000/_next/static/chunks/_52348519._.js:1055
[     877ms] [WARNING] [scheduler] skipping "negation-placement" — no eligible sentence for any type in pool @ http://localhost:3000/_next/static/chunks/_52348519._.js:1055
[     878ms] [WARNING] [scheduler] skipping "negation-placement" — no eligible sentence for any type in pool @ http://localhost:3000/_next/static/chunks/_52348519._.js:1055
[     878ms] [WARNING] [scheduler] skipping "adjective-agreement" — no eligible sentence for any type in pool @ http://localhost:3000/_next/static/chunks/_52348519._.js:1055
[     879ms] [WARNING] [scheduler] skipping "v2-word-order" — no eligible sentence for any type in pool @ http://localhost:3000/_next/static/chunks/_52348519._.js:1055
[     879ms] [WARNING] [scheduler] skipping "modal-verbs" — no eligible sentence for any type in pool @ http://localhost:3000/_next/static/chunks/_52348519._.js:1055
[     880ms] [WARNING] [scheduler] skipping "modal-verbs" — no eligible sentence for any type in pool @ http://localhost:3000/_next/static/chunks/_52348519._.js:1055
[   77567ms] [WARNING] [scheduler] skipping "negation-placement" — no eligible sentence for any type in pool @ http://localhost:3000/_next/static/chunks/_e16554e6._.js:741
[   77567ms] [WARNING] [scheduler] skipping "adjective-agreement" — no eligible sentence for any type in pool @ http://localhost:3000/_next/static/chunks/_e16554e6._.js:741
[   77568ms] [WARNING] [scheduler] skipping "v2-word-order" — no eligible sentence for any type in pool @ http://localhost:3000/_next/static/chunks/_e16554e6._.js:741
[   77568ms] [WARNING] [scheduler] skipping "modal-verbs" — no eligible sentence for any type in pool @ http://localhost:3000/_next/static/chunks/_e16554e6._.js:741
[   77568ms] [WARNING] [scheduler] skipping "negation-placement" — no eligible sentence for any type in pool @ http://localhost:3000/_next/static/chunks/_e16554e6._.js:741
[   77569ms] [WARNING] [scheduler] skipping "negation-placement" — no eligible sentence for any type in pool @ http://localhost:3000/_next/static/chunks/_e16554e6._.js:741
[   77569ms] [WARNING] [scheduler] skipping "negation-placement" — no eligible sentence for any type in pool @ http://localhost:3000/_next/static/chunks/_e16554e6._.js:741
[   77570ms] [WARNING] [scheduler] skipping "adjective-agreement" — no eligible sentence for any type in pool @ http://localhost:3000/_next/static/chunks/_e16554e6._.js:741
[   77570ms] [WARNING] [scheduler] skipping "v2-word-order" — no eligible sentence for any type in pool @ http://localhost:3000/_next/static/chunks/_e16554e6._.js:741
[   77571ms] [WARNING] [scheduler] skipping "modal-verbs" — no eligible sentence for any type in pool @ http://localhost:3000/_next/static/chunks/_e16554e6._.js:741
[   77573ms] [WARNING] [scheduler] skipping "modal-verbs" — no eligible sentence for any type in pool @ http://localhost:3000/_next/static/chunks/_e16554e6._.js:741
[   77573ms] [WARNING] [scheduler] skipping "v2-word-order" — no eligible sentence for any type in pool @ http://localhost:3000/_next/static/chunks/_e16554e6._.js:741
[  575870ms] [ERROR] Failed to load resource: the server responded with a status of 404 (Not Found) @ http://localhost:3000/dashboard?_rsc=OgyiEg4K7PT6Wfsf:0
[  579852ms] [WARNING] [scheduler] skipping "negation-placement" — no eligible sentence for any type in pool @ http://localhost:3000/_next/static/chunks/_e16554e6._.js:741
[  579854ms] [WARNING] [scheduler] skipping "adjective-agreement" — no eligible sentence for any type in pool @ http://localhost:3000/_next/static/chunks/_e16554e6._.js:741
[  579854ms] [WARNING] [scheduler] skipping "v2-word-order" — no eligible sentence for any type in pool @ http://localhost:3000/_next/static/chunks/_e16554e6._.js:741
[  579855ms] [WARNING] [scheduler] skipping "modal-verbs" — no eligible sentence for any type in pool @ http://localhost:3000/_next/static/chunks/_e16554e6._.js:741
[  579855ms] [WARNING] [scheduler] skipping "negation-placement" — no eligible sentence for any type in pool @ http://localhost:3000/_next/static/chunks/_e16554e6._.js:741
[  579855ms] [WARNING] [scheduler] skipping "negation-placement" — no eligible sentence for any type in pool @ http://localhost:3000/_next/static/chunks/_e16554e6._.js:741
[  579856ms] [WARNING] [scheduler] skipping "negation-placement" — no eligible sentence for any type in pool @ http://localhost:3000/_next/static/chunks/_e16554e6._.js:741
[  579856ms] [WARNING] [scheduler] skipping "adjective-agreement" — no eligible sentence for any type in pool @ http://localhost:3000/_next/static/chunks/_e16554e6._.js:741
[  579857ms] [WARNING] [scheduler] skipping "v2-word-order" — no eligible sentence for any type in pool @ http://localhost:3000/_next/static/chunks/_e16554e6._.js:741
[  579859ms] [WARNING] [scheduler] skipping "modal-verbs" — no eligible sentence for any type in pool @ http://localhost:3000/_next/static/chunks/_e16554e6._.js:741
[  579860ms] [WARNING] [scheduler] skipping "adjective-agreement" — no eligible sentence for any type in pool @ http://localhost:3000/_next/static/chunks/_e16554e6._.js:741
[  579860ms] [WARNING] [scheduler] skipping "v2-word-order" — no eligible sentence for any type in pool @ http://localhost:3000/_next/static/chunks/_e16554e6._.js:741
[  590375ms] [WARNING] [scheduler] skipping "negation-placement" — no eligible sentence for any type in pool @ http://localhost:3000/_next/static/chunks/_e16554e6._.js:741
[  590377ms] [WARNING] [scheduler] skipping "adjective-agreement" — no eligible sentence for any type in pool @ http://localhost:3000/_next/static/chunks/_e16554e6._.js:741
[  590378ms] [WARNING] [scheduler] skipping "v2-word-order" — no eligible sentence for any type in pool @ http://localhost:3000/_next/static/chunks/_e16554e6._.js:741
[  590378ms] [WARNING] [scheduler] skipping "modal-verbs" — no eligible sentence for any type in pool @ http://localhost:3000/_next/static/chunks/_e16554e6._.js:741
[  590378ms] [WARNING] [scheduler] skipping "negation-placement" — no eligible sentence for any type in pool @ http://localhost:3000/_next/static/chunks/_e16554e6._.js:741
[  590379ms] [WARNING] [scheduler] skipping "negation-placement" — no eligible sentence for any type in pool @ http://localhost:3000/_next/static/chunks/_e16554e6._.js:741
[  590379ms] [WARNING] [scheduler] skipping "negation-placement" — no eligible sentence for any type in pool @ http://localhost:3000/_next/static/chunks/_e16554e6._.js:741
[  590380ms] [WARNING] [scheduler] skipping "adjective-agreement" — no eligible sentence for any type in pool @ http://localhost:3000/_next/static/chunks/_e16554e6._.js:741
[  590380ms] [WARNING] [scheduler] skipping "v2-word-order" — no eligible sentence for any type in pool @ http://localhost:3000/_next/static/chunks/_e16554e6._.js:741
[  590381ms] [WARNING] [scheduler] skipping "modal-verbs" — no eligible sentence for any type in pool @ http://localhost:3000/_next/static/chunks/_e16554e6._.js:741
[  590381ms] [WARNING] [scheduler] skipping "v2-word-order" — no eligible sentence for any type in pool @ http://localhost:3000/_next/static/chunks/_e16554e6._.js:741
[  590381ms] [WARNING] [scheduler] skipping "v2-word-order" — no eligible sentence for any type in pool @ http://localhost:3000/_next/static/chunks/_e16554e6._.js:741
