[   26879ms] [WARNING] [WebLLM] generateContent attempt 1: SyntaxError: Unexpected non-whitespace character after JSON at position 124 (line 3 column 1)
    at JSON.parse (<anonymous>)
    at WebLLMService.generateContent (http://localhost:3000/_next/static/chunks/src_2bc40a4e._.js:435:37)
    at async Object.run (http://localhost:3000/_next/static/chunks/src_2bc40a4e._.js:748:28)
    at async runAll (http://localhost:3000/_next/static/chunks/src_2bc40a4e._.js:1042:36) @ http://localhost:3000/_next/static/chunks/src_2bc40a4e._.js:466
[   39615ms] [WARNING] [WebLLM] generateContent attempt 2: SyntaxError: Unexpected non-whitespace character after JSON at position 141 (line 2 column 1)
    at JSON.parse (<anonymous>)
    at WebLLMService.generateContent (http://localhost:3000/_next/static/chunks/src_2bc40a4e._.js:435:37)
    at async Object.run (http://localhost:3000/_next/static/chunks/src_2bc40a4e._.js:748:28)
    at async runAll (http://localhost:3000/_next/static/chunks/src_2bc40a4e._.js:1042:36) @ http://localhost:3000/_next/static/chunks/src_2bc40a4e._.js:466
[   49309ms] [WARNING] [WebLLM] generateContent attempt 1: SyntaxError: Unexpected non-whitespace character after JSON at position 146 (line 2 column 1)
    at JSON.parse (<anonymous>)
    at WebLLMService.generateContent (http://localhost:3000/_next/static/chunks/src_2bc40a4e._.js:435:37)
    at async Object.run (http://localhost:3000/_next/static/chunks/src_2bc40a4e._.js:748:28)
    at async runAll (http://localhost:3000/_next/static/chunks/src_2bc40a4e._.js:1042:36) @ http://localhost:3000/_next/static/chunks/src_2bc40a4e._.js:466
[   57321ms] [WARNING] [WebLLM] generateContent attempt 2: SyntaxError: Unexpected non-whitespace character after JSON at position 138 (line 3 column 1)
    at JSON.parse (<anonymous>)
    at WebLLMService.generateContent (http://localhost:3000/_next/static/chunks/src_2bc40a4e._.js:435:37)
    at async Object.run (http://localhost:3000/_next/static/chunks/src_2bc40a4e._.js:748:28)
    at async runAll (http://localhost:3000/_next/static/chunks/src_2bc40a4e._.js:1042:36) @ http://localhost:3000/_next/static/chunks/src_2bc40a4e._.js:466
[   67179ms] [WARNING] [WebLLM] generateContent attempt 1: SyntaxError: Unexpected non-whitespace character after JSON at position 146 (line 3 column 1)
    at JSON.parse (<anonymous>)
    at WebLLMService.generateContent (http://localhost:3000/_next/static/chunks/src_2bc40a4e._.js:435:37)
    at async Object.run (http://localhost:3000/_next/static/chunks/src_2bc40a4e._.js:748:28)
    at async runAll (http://localhost:3000/_next/static/chunks/src_2bc40a4e._.js:1042:36) @ http://localhost:3000/_next/static/chunks/src_2bc40a4e._.js:466
[   80765ms] [WARNING] [WebLLM] generateContent attempt 2: SyntaxError: Unexpected non-whitespace character after JSON at position 136 (line 3 column 1)
    at JSON.parse (<anonymous>)
    at WebLLMService.generateContent (http://localhost:3000/_next/static/chunks/src_2bc40a4e._.js:435:37)
    at async Object.run (http://localhost:3000/_next/static/chunks/src_2bc40a4e._.js:748:28)
    at async runAll (http://localhost:3000/_next/static/chunks/src_2bc40a4e._.js:1042:36) @ http://localhost:3000/_next/static/chunks/src_2bc40a4e._.js:466
[   95146ms] [WARNING] [WebLLM] generateContent attempt 1: SyntaxError: Unexpected non-whitespace character after JSON at position 163 (line 3 column 1)
    at JSON.parse (<anonymous>)
    at WebLLMService.generateContent (http://localhost:3000/_next/static/chunks/src_2bc40a4e._.js:435:37)
    at async Object.run (http://localhost:3000/_next/static/chunks/src_2bc40a4e._.js:762:28)
    at async runAll (http://localhost:3000/_next/static/chunks/src_2bc40a4e._.js:1042:36) @ http://localhost:3000/_next/static/chunks/src_2bc40a4e._.js:466
[  100956ms] [WARNING] [WebLLM] generateContent attempt 2: SyntaxError: Unexpected non-whitespace character after JSON at position 141 (line 2 column 1)
    at JSON.parse (<anonymous>)
    at WebLLMService.generateContent (http://localhost:3000/_next/static/chunks/src_2bc40a4e._.js:435:37)
    at async Object.run (http://localhost:3000/_next/static/chunks/src_2bc40a4e._.js:762:28)
    at async runAll (http://localhost:3000/_next/static/chunks/src_2bc40a4e._.js:1042:36) @ http://localhost:3000/_next/static/chunks/src_2bc40a4e._.js:466
[  115327ms] [WARNING] [WebLLM] generateContent attempt 1: SyntaxError: Unexpected non-whitespace character after JSON at position 136 (line 3 column 1)
    at JSON.parse (<anonymous>)
    at WebLLMService.generateContent (http://localhost:3000/_next/static/chunks/src_2bc40a4e._.js:435:37)
    at async Object.run (http://localhost:3000/_next/static/chunks/src_2bc40a4e._.js:762:28)
    at async runAll (http://localhost:3000/_next/static/chunks/src_2bc40a4e._.js:1042:36) @ http://localhost:3000/_next/static/chunks/src_2bc40a4e._.js:466
[  129681ms] [WARNING] [WebLLM] generateContent attempt 2: SyntaxError: Unexpected non-whitespace character after JSON at position 154 (line 3 column 1)
    at JSON.parse (<anonymous>)
    at WebLLMService.generateContent (http://localhost:3000/_next/static/chunks/src_2bc40a4e._.js:435:37)
    at async Object.run (http://localhost:3000/_next/static/chunks/src_2bc40a4e._.js:762:28)
    at async runAll (http://localhost:3000/_next/static/chunks/src_2bc40a4e._.js:1042:36) @ http://localhost:3000/_next/static/chunks/src_2bc40a4e._.js:466
[  144434ms] [WARNING] [WebLLM] generateContent attempt 1: SyntaxError: Unexpected non-whitespace character after JSON at position 142 (line 3 column 1)
    at JSON.parse (<anonymous>)
    at WebLLMService.generateContent (http://localhost:3000/_next/static/chunks/src_2bc40a4e._.js:435:37)
    at async Object.run (http://localhost:3000/_next/static/chunks/src_2bc40a4e._.js:762:28)
    at async runAll (http://localhost:3000/_next/static/chunks/src_2bc40a4e._.js:1042:36) @ http://localhost:3000/_next/static/chunks/src_2bc40a4e._.js:466
[  151145ms] [WARNING] [WebLLM] generateContent attempt 2: SyntaxError: Unexpected non-whitespace character after JSON at position 161 (line 2 column 1)
    at JSON.parse (<anonymous>)
    at WebLLMService.generateContent (http://localhost:3000/_next/static/chunks/src_2bc40a4e._.js:435:37)
    at async Object.run (http://localhost:3000/_next/static/chunks/src_2bc40a4e._.js:762:28)
    at async runAll (http://localhost:3000/_next/static/chunks/src_2bc40a4e._.js:1042:36) @ http://localhost:3000/_next/static/chunks/src_2bc40a4e._.js:466
[  157270ms] [WARNING] [WebLLM] generateContent attempt 1: SyntaxError: Unexpected non-whitespace character after JSON at position 71 (line 2 column 1)
    at JSON.parse (<anonymous>)
    at WebLLMService.generateContent (http://localhost:3000/_next/static/chunks/src_2bc40a4e._.js:435:37)
    at async Object.run (http://localhost:3000/_next/static/chunks/src_2bc40a4e._.js:776:28)
    at async runAll (http://localhost:3000/_next/static/chunks/src_2bc40a4e._.js:1042:36) @ http://localhost:3000/_next/static/chunks/src_2bc40a4e._.js:466
[  162553ms] [WARNING] [WebLLM] generateContent attempt 2: SyntaxError: Unexpected non-whitespace character after JSON at position 60 (line 2 column 1)
    at JSON.parse (<anonymous>)
    at WebLLMService.generateContent (http://localhost:3000/_next/static/chunks/src_2bc40a4e._.js:435:37)
    at async Object.run (http://localhost:3000/_next/static/chunks/src_2bc40a4e._.js:776:28)
    at async runAll (http://localhost:3000/_next/static/chunks/src_2bc40a4e._.js:1042:36) @ http://localhost:3000/_next/static/chunks/src_2bc40a4e._.js:466
[  168480ms] [WARNING] [WebLLM] generateContent attempt 1: SyntaxError: Unexpected non-whitespace character after JSON at position 71 (line 2 column 1)
    at JSON.parse (<anonymous>)
    at WebLLMService.generateContent (http://localhost:3000/_next/static/chunks/src_2bc40a4e._.js:435:37)
    at async Object.run (http://localhost:3000/_next/static/chunks/src_2bc40a4e._.js:776:28)
    at async runAll (http://localhost:3000/_next/static/chunks/src_2bc40a4e._.js:1042:36) @ http://localhost:3000/_next/static/chunks/src_2bc40a4e._.js:466
[  174307ms] [WARNING] [WebLLM] generateContent attempt 2: SyntaxError: Unexpected non-whitespace character after JSON at position 65 (line 2 column 1)
    at JSON.parse (<anonymous>)
    at WebLLMService.generateContent (http://localhost:3000/_next/static/chunks/src_2bc40a4e._.js:435:37)
    at async Object.run (http://localhost:3000/_next/static/chunks/src_2bc40a4e._.js:776:28)
    at async runAll (http://localhost:3000/_next/static/chunks/src_2bc40a4e._.js:1042:36) @ http://localhost:3000/_next/static/chunks/src_2bc40a4e._.js:466
[  181146ms] [WARNING] [WebLLM] generateContent attempt 1: SyntaxError: Unexpected non-whitespace character after JSON at position 71 (line 2 column 1)
    at JSON.parse (<anonymous>)
    at WebLLMService.generateContent (http://localhost:3000/_next/static/chunks/src_2bc40a4e._.js:435:37)
    at async Object.run (http://localhost:3000/_next/static/chunks/src_2bc40a4e._.js:776:28)
    at async runAll (http://localhost:3000/_next/static/chunks/src_2bc40a4e._.js:1042:36) @ http://localhost:3000/_next/static/chunks/src_2bc40a4e._.js:466
[  186362ms] [WARNING] [WebLLM] generateContent attempt 2: SyntaxError: Unexpected non-whitespace character after JSON at position 65 (line 2 column 1)
    at JSON.parse (<anonymous>)
    at WebLLMService.generateContent (http://localhost:3000/_next/static/chunks/src_2bc40a4e._.js:435:37)
    at async Object.run (http://localhost:3000/_next/static/chunks/src_2bc40a4e._.js:776:28)
    at async runAll (http://localhost:3000/_next/static/chunks/src_2bc40a4e._.js:1042:36) @ http://localhost:3000/_next/static/chunks/src_2bc40a4e._.js:466
[  195906ms] [WARNING] [WebLLM] generateContent attempt 1: SyntaxError: Unexpected non-whitespace character after JSON at position 79 (line 3 column 1)
    at JSON.parse (<anonymous>)
    at WebLLMService.generateContent (http://localhost:3000/_next/static/chunks/src_2bc40a4e._.js:435:37)
    at async Object.run (http://localhost:3000/_next/static/chunks/src_2bc40a4e._.js:791:28)
    at async runAll (http://localhost:3000/_next/static/chunks/src_2bc40a4e._.js:1042:36) @ http://localhost:3000/_next/static/chunks/src_2bc40a4e._.js:466
[  202238ms] [WARNING] [WebLLM] generateContent attempt 2: SyntaxError: Unexpected non-whitespace character after JSON at position 78 (line 2 column 1)
    at JSON.parse (<anonymous>)
    at WebLLMService.generateContent (http://localhost:3000/_next/static/chunks/src_2bc40a4e._.js:435:37)
    at async Object.run (http://localhost:3000/_next/static/chunks/src_2bc40a4e._.js:791:28)
    at async runAll (http://localhost:3000/_next/static/chunks/src_2bc40a4e._.js:1042:36) @ http://localhost:3000/_next/static/chunks/src_2bc40a4e._.js:466
[  212355ms] [WARNING] [WebLLM] generateContent attempt 1: SyntaxError: Unexpected non-whitespace character after JSON at position 73 (line 2 column 1)
    at JSON.parse (<anonymous>)
    at WebLLMService.generateContent (http://localhost:3000/_next/static/chunks/src_2bc40a4e._.js:435:37)
    at async Object.run (http://localhost:3000/_next/static/chunks/src_2bc40a4e._.js:791:28)
    at async runAll (http://localhost:3000/_next/static/chunks/src_2bc40a4e._.js:1042:36) @ http://localhost:3000/_next/static/chunks/src_2bc40a4e._.js:466
[  218592ms] [WARNING] [WebLLM] generateContent attempt 2: SyntaxError: Unexpected non-whitespace character after JSON at position 61 (line 2 column 1)
    at JSON.parse (<anonymous>)
    at WebLLMService.generateContent (http://localhost:3000/_next/static/chunks/src_2bc40a4e._.js:435:37)
    at async Object.run (http://localhost:3000/_next/static/chunks/src_2bc40a4e._.js:791:28)
    at async runAll (http://localhost:3000/_next/static/chunks/src_2bc40a4e._.js:1042:36) @ http://localhost:3000/_next/static/chunks/src_2bc40a4e._.js:466
[  224540ms] [WARNING] [WebLLM] generateContent attempt 1: SyntaxError: Unexpected non-whitespace character after JSON at position 82 (line 2 column 1)
    at JSON.parse (<anonymous>)
    at WebLLMService.generateContent (http://localhost:3000/_next/static/chunks/src_2bc40a4e._.js:435:37)
    at async Object.run (http://localhost:3000/_next/static/chunks/src_2bc40a4e._.js:791:28)
    at async runAll (http://localhost:3000/_next/static/chunks/src_2bc40a4e._.js:1042:36) @ http://localhost:3000/_next/static/chunks/src_2bc40a4e._.js:466
