[  362260ms] [WARNING] Detected `scroll-behavior: smooth` on the `<html>` element. In a future version, Next.js will no longer automatically disable smooth scrolling during route transitions. To prepare for this change, add `data-scroll-behavior="smooth"` to your <html> element. Learn more: https://nextjs.org/docs/messages/missing-data-scroll-behavior @ http://localhost:3000/_next/static/chunks/node_modules_next_dist_b0daae9a._.js:1014
[ 1686098ms] [ERROR] Failed to load resource: the server responded with a status of 500 (Internal Server Error) @ http://localhost:3000/dashboard:0
[ 1686285ms] ReferenceError: Plus_Jakarta_Sans is not defined
    at __TURBOPACK__module__evaluation__ (file://C:\Users\daveb\Documents\GitHub\Language-app\.next\server\chunks\ssr\[root-of-the-server]__0ee53ecc._.js:82:21)
    at instantiateModule (file://C:\Users\daveb\Documents\GitHub\Language-app\.next\server\chunks\ssr\[turbopack]_runtime.js:702:9)
    at getOrInstantiateModuleFromParent (file://C:\Users\daveb\Documents\GitHub\Language-app\.next\server\chunks\ssr\[turbopack]_runtime.js:725:12)
    at Context.esmImport [as i] (file://C:\Users\daveb\Documents\GitHub\Language-app\.next\server\chunks\ssr\[turbopack]_runtime.js:215:20)
    at __TURBOPACK__module__evaluation__ (file://C:\Users\daveb\Documents\GitHub\Language-app\.next\server\chunks\ssr\[root-of-the-server]__d927277a._.js:7:47)
    at instantiateModule (file://C:\Users\daveb\Documents\GitHub\Language-app\.next\server\chunks\ssr\[turbopack]_runtime.js:702:9)
    at getOrInstantiateModuleFromParent (file://C:\Users\daveb\Documents\GitHub\Language-app\.next\server\chunks\ssr\[turbopack]_runtime.js:725:12)
    at Context.esmImport [as i] (file://C:\Users\daveb\Documents\GitHub\Language-app\.next\server\chunks\ssr\[turbopack]_runtime.js:215:20)
    at __TURBOPACK__module__evaluation__ (file://C:\Users\daveb\Documents\GitHub\Language-app\.next\server\chunks\ssr\node_modules_next_dist_2084e4a0._.js:2838:182)
    at instantiateModule (file://C:\Users\daveb\Documents\GitHub\Language-app\.next\server\chunks\ssr\[turbopack]_runtime.js:702:9)
    at getOrInstantiateModuleFromParent (file://C:\Users\daveb\Documents\GitHub\Language-app\.next\server\chunks\ssr\[turbopack]_runtime.js:725:12)
    at Context.esmImport [as i] (file://C:\Users\daveb\Documents\GitHub\Language-app\.next\server\chunks\ssr\[turbopack]_runtime.js:215:20)
    at __TURBOPACK__module__evaluation__ (file://C:\Users\daveb\Documents\GitHub\Language-app\.next\server\chunks\ssr\node_modules_next_dist_2084e4a0._.js:3908:1585)
    at instantiateModule (file://C:\Users\daveb\Documents\GitHub\Language-app\.next\server\chunks\ssr\[turbopack]_runtime.js:702:9)
    at instantiateRuntimeModule (file://C:\Users\daveb\Documents\GitHub\Language-app\.next\server\chunks\ssr\[turbopack]_runtime.js:730:12)
    at getOrInstantiateRuntimeModule (file://C:\Users\daveb\Documents\GitHub\Language-app\.next\server\chunks\ssr\[turbopack]_runtime.js:743:12)
    at Object.m (file://C:\Users\daveb\Documents\GitHub\Language-app\.next\server\chunks\ssr\[turbopack]_runtime.js:752:18)
    at Object.<anonymous> (file://C:\Users\daveb\Documents\GitHub\Language-app\.next\server\app\dashboard\page.js:12:3)
    at Module._compile (node:internal/modules/cjs/loader:1804:14)
    at Object..js (node:internal/modules/cjs/loader:1936:10)
    at Module.load (node:internal/modules/cjs/loader:1525:32)
    at Module._load (node:internal/modules/cjs/loader:1327:12)
    at TracingChannel.traceSync (node:diagnostics_channel:328:14)
    at wrapModuleLoad (node:internal/modules/cjs/loader:245:24)
    at Module.<anonymous> (node:internal/modules/cjs/loader:1548:12)
    at mod.require (file://C:\Users\daveb\Documents\GitHub\Language-app\node_modules\next\dist\server\require-hook.js:68:28)
    at require (node:internal/modules/helpers:152:16)
    at requirePage (file://C:\Users\daveb\Documents\GitHub\Language-app\node_modules\next\dist\server\require.js:99:80)
    at loadComponentsImpl (file://C:\Users\daveb\Documents\GitHub\Language-app\node_modules\next\dist\server\load-components.js:132:57)
    at async DevServer.findPageComponentsImpl (file://C:\Users\daveb\Documents\GitHub\Language-app\node_modules\next\dist\server\next-server.js:900:36)
    at async DevServer.findPageComponents (file://C:\Users\daveb\Documents\GitHub\Language-app\node_modules\next\dist\server\dev\next-dev-server.js:706:16)
    at async DevServer.renderPageComponent (file://C:\Users\daveb\Documents\GitHub\Language-app\node_modules\next\dist\server\base-server.js:1468:24)
    at async DevServer.renderToResponseImpl (file://C:\Users\daveb\Documents\GitHub\Language-app\node_modules\next\dist\server\base-server.js:1522:32)
    at async DevServer.pipeImpl (file://C:\Users\daveb\Documents\GitHub\Language-app\node_modules\next\dist\server\base-server.js:1026:25)
    at async NextNodeServer.handleCatchallRenderRequest (file://C:\Users\daveb\Documents\GitHub\Language-app\node_modules\next\dist\server\next-server.js:394:17)
    at async DevServer.handleRequestImpl (file://C:\Users\daveb\Documents\GitHub\Language-app\node_modules\next\dist\server\base-server.js:917:17)
    at async (file://C:\Users\daveb\Documents\GitHub\Language-app\node_modules\next\dist\server\dev\next-dev-server.js:400:20)
    at async Span.traceAsyncFn (file://C:\Users\daveb\Documents\GitHub\Language-app\node_modules\next\dist\trace\trace.js:157:20)
    at async DevServer.handleRequest (file://C:\Users\daveb\Documents\GitHub\Language-app\node_modules\next\dist\server\dev\next-dev-server.js:396:24)
    at async invokeRender (file://C:\Users\daveb\Documents\GitHub\Language-app\node_modules\next\dist\server\lib\router-server.js:240:21)
    at async handleRequest (file://C:\Users\daveb\Documents\GitHub\Language-app\node_modules\next\dist\server\lib\router-server.js:437:24)
    at async requestHandlerImpl (file://C:\Users\daveb\Documents\GitHub\Language-app\node_modules\next\dist\server\lib\router-server.js:485:13)
    at async Server.requestListener (file://C:\Users\daveb\Documents\GitHub\Language-app\node_modules\next\dist\server\lib\start-server.js:226:13)
[ 1694666ms] [ERROR] Failed to load resource: the server responded with a status of 500 (Internal Server Error) @ http://localhost:3000/dashboard:0
[ 1694864ms] ReferenceError: plusJakarta is not defined
    at RootLayout (about://React/Server/C:%5CUsers%5Cdaveb%5CDocuments%5CGitHub%5CLanguage-app%5C.next%5Cserver%5Cchunks%5Cssr%5C%5Broot-of-the-server%5D__2b79c543._.js?0:125:23)
    at resolveErrorDev (http://localhost:3000/_next/static/chunks/node_modules_next_dist_compiled_5150ccfd._.js:4306:48)
    at processFullStringRow (http://localhost:3000/_next/static/chunks/node_modules_next_dist_compiled_5150ccfd._.js:4554:29)
    at processFullBinaryRow (http://localhost:3000/_next/static/chunks/node_modules_next_dist_compiled_5150ccfd._.js:4513:9)
    at processBinaryChunk (http://localhost:3000/_next/static/chunks/node_modules_next_dist_compiled_5150ccfd._.js:4622:98)
    at progress (http://localhost:3000/_next/static/chunks/node_modules_next_dist_compiled_5150ccfd._.js:4790:25)
[ 2044217ms] [ERROR] ./src/components/session/ExplanationCard.tsx:111:6
Parsing ecmascript source code failed
  109 |         </button>
  110 |       </div>
> 111 |     </div>
      |      ^^^^^
  112 |   )
  113 | }
  114 |

Unterminated regexp literal

Import traces:
  Client Component Browser:
    ./src/components/session/ExplanationCard.tsx [Client Component Browser]
    ./src/components/session/SessionScreen.tsx [Client Component Browser]
    ./src/components/session/SessionScreen.tsx [Server Component]
    ./src/app/session/page.tsx [Server Component]

  Client Component SSR:
    ./src/components/session/ExplanationCard.tsx [Client Component SSR]
    ./src/components/session/SessionScreen.tsx [Client Component SSR]
    ./src/components/session/SessionScreen.tsx [Server Component]
    ./src/app/session/page.tsx [Server Component] @ http://localhost:3000/_next/static/chunks/node_modules_next_dist_b0daae9a._.js:2405
