[  553343ms] [WARNING] [scheduler] skipping "v2-word-order" — no eligible sentence for any type in pool @ http://localhost:3000/_next/static/chunks/_30228449._.js:741
[  553343ms] [WARNING] [scheduler] skipping "adjective-agreement" — no eligible sentence for any type in pool @ http://localhost:3000/_next/static/chunks/_30228449._.js:741
[  553343ms] [WARNING] [scheduler] skipping "past-tense-regular" — no eligible sentence for any type in pool @ http://localhost:3000/_next/static/chunks/_30228449._.js:741
[  553344ms] [WARNING] [scheduler] skipping "prepositions-place" — no eligible sentence for any type in pool @ http://localhost:3000/_next/static/chunks/_30228449._.js:741
[  553344ms] [WARNING] [scheduler] skipping "v2-word-order" — no eligible sentence for any type in pool @ http://localhost:3000/_next/static/chunks/_30228449._.js:741
[  553344ms] [WARNING] [scheduler] skipping "v2-word-order" — no eligible sentence for any type in pool @ http://localhost:3000/_next/static/chunks/_30228449._.js:741
[  553345ms] [WARNING] [scheduler] skipping "v2-word-order" — no eligible sentence for any type in pool @ http://localhost:3000/_next/static/chunks/_30228449._.js:741
[  553345ms] [WARNING] [scheduler] skipping "adjective-agreement" — no eligible sentence for any type in pool @ http://localhost:3000/_next/static/chunks/_30228449._.js:741
[  553346ms] [WARNING] [scheduler] skipping "past-tense-regular" — no eligible sentence for any type in pool @ http://localhost:3000/_next/static/chunks/_30228449._.js:741
[  553346ms] [WARNING] [scheduler] skipping "prepositions-place" — no eligible sentence for any type in pool @ http://localhost:3000/_next/static/chunks/_30228449._.js:741
[  553346ms] [WARNING] [scheduler] skipping "adjective-agreement" — no eligible sentence for any type in pool @ http://localhost:3000/_next/static/chunks/_30228449._.js:741
[  553347ms] [WARNING] [scheduler] skipping "v2-word-order" — no eligible sentence for any type in pool @ http://localhost:3000/_next/static/chunks/_30228449._.js:741
[  553352ms] [WARNING] [scheduler] skipping "v2-word-order" — no eligible sentence for any type in pool @ http://localhost:3000/_next/static/chunks/_30228449._.js:741
[  553352ms] [WARNING] [scheduler] skipping "adjective-agreement" — no eligible sentence for any type in pool @ http://localhost:3000/_next/static/chunks/_30228449._.js:741
[  553353ms] [WARNING] [scheduler] skipping "past-tense-regular" — no eligible sentence for any type in pool @ http://localhost:3000/_next/static/chunks/_30228449._.js:741
[  553353ms] [WARNING] [scheduler] skipping "prepositions-place" — no eligible sentence for any type in pool @ http://localhost:3000/_next/static/chunks/_30228449._.js:741
[  553353ms] [WARNING] [scheduler] skipping "v2-word-order" — no eligible sentence for any type in pool @ http://localhost:3000/_next/static/chunks/_30228449._.js:741
[  553354ms] [WARNING] [scheduler] skipping "v2-word-order" — no eligible sentence for any type in pool @ http://localhost:3000/_next/static/chunks/_30228449._.js:741
[  553354ms] [WARNING] [scheduler] skipping "v2-word-order" — no eligible sentence for any type in pool @ http://localhost:3000/_next/static/chunks/_30228449._.js:741
[  553354ms] [WARNING] [scheduler] skipping "adjective-agreement" — no eligible sentence for any type in pool @ http://localhost:3000/_next/static/chunks/_30228449._.js:741
[  553355ms] [WARNING] [scheduler] skipping "past-tense-regular" — no eligible sentence for any type in pool @ http://localhost:3000/_next/static/chunks/_30228449._.js:741
[  553355ms] [WARNING] [scheduler] skipping "prepositions-place" — no eligible sentence for any type in pool @ http://localhost:3000/_next/static/chunks/_30228449._.js:741
[  553355ms] [WARNING] [scheduler] skipping "adjective-agreement" — no eligible sentence for any type in pool @ http://localhost:3000/_next/static/chunks/_30228449._.js:741
[  553355ms] [WARNING] [scheduler] skipping "past-tense-regular" — no eligible sentence for any type in pool @ http://localhost:3000/_next/static/chunks/_30228449._.js:741
[  553428ms] [WARNING] [scheduler] skipping "v2-word-order" — no eligible sentence for any type in pool @ http://localhost:3000/_next/static/chunks/_30228449._.js:741
[  553428ms] [WARNING] [scheduler] skipping "adjective-agreement" — no eligible sentence for any type in pool @ http://localhost:3000/_next/static/chunks/_30228449._.js:741
[  553429ms] [WARNING] [scheduler] skipping "past-tense-regular" — no eligible sentence for any type in pool @ http://localhost:3000/_next/static/chunks/_30228449._.js:741
[  553429ms] [WARNING] [scheduler] skipping "prepositions-place" — no eligible sentence for any type in pool @ http://localhost:3000/_next/static/chunks/_30228449._.js:741
[  553429ms] [WARNING] [scheduler] skipping "v2-word-order" — no eligible sentence for any type in pool @ http://localhost:3000/_next/static/chunks/_30228449._.js:741
[  553430ms] [WARNING] [scheduler] skipping "v2-word-order" — no eligible sentence for any type in pool @ http://localhost:3000/_next/static/chunks/_30228449._.js:741
[  553430ms] [WARNING] [scheduler] skipping "v2-word-order" — no eligible sentence for any type in pool @ http://localhost:3000/_next/static/chunks/_30228449._.js:741
[  553430ms] [WARNING] [scheduler] skipping "adjective-agreement" — no eligible sentence for any type in pool @ http://localhost:3000/_next/static/chunks/_30228449._.js:741
[  553431ms] [WARNING] [scheduler] skipping "past-tense-regular" — no eligible sentence for any type in pool @ http://localhost:3000/_next/static/chunks/_30228449._.js:741
[  553431ms] [WARNING] [scheduler] skipping "prepositions-place" — no eligible sentence for any type in pool @ http://localhost:3000/_next/static/chunks/_30228449._.js:741
[  553432ms] [WARNING] [scheduler] skipping "negation-placement" — no eligible sentence for any type in pool @ http://localhost:3000/_next/static/chunks/_30228449._.js:741
[  553432ms] [WARNING] [scheduler] skipping "adjective-agreement" — no eligible sentence for any type in pool @ http://localhost:3000/_next/static/chunks/_30228449._.js:741
[  649366ms] [WARNING] [scheduler] skipping "v2-word-order" — no eligible sentence for any type in pool @ http://localhost:3000/_next/static/chunks/_30228449._.js:741
[  649367ms] [WARNING] [scheduler] skipping "adjective-agreement" — no eligible sentence for any type in pool @ http://localhost:3000/_next/static/chunks/_30228449._.js:741
[  649367ms] [WARNING] [scheduler] skipping "past-tense-regular" — no eligible sentence for any type in pool @ http://localhost:3000/_next/static/chunks/_30228449._.js:741
[  649367ms] [WARNING] [scheduler] skipping "prepositions-place" — no eligible sentence for any type in pool @ http://localhost:3000/_next/static/chunks/_30228449._.js:741
[  649368ms] [WARNING] [scheduler] skipping "v2-word-order" — no eligible sentence for any type in pool @ http://localhost:3000/_next/static/chunks/_30228449._.js:741
[  649368ms] [WARNING] [scheduler] skipping "v2-word-order" — no eligible sentence for any type in pool @ http://localhost:3000/_next/static/chunks/_30228449._.js:741
[  649368ms] [WARNING] [scheduler] skipping "v2-word-order" — no eligible sentence for any type in pool @ http://localhost:3000/_next/static/chunks/_30228449._.js:741
[  649369ms] [WARNING] [scheduler] skipping "adjective-agreement" — no eligible sentence for any type in pool @ http://localhost:3000/_next/static/chunks/_30228449._.js:741
[  649369ms] [WARNING] [scheduler] skipping "past-tense-regular" — no eligible sentence for any type in pool @ http://localhost:3000/_next/static/chunks/_30228449._.js:741
[  649370ms] [WARNING] [scheduler] skipping "prepositions-place" — no eligible sentence for any type in pool @ http://localhost:3000/_next/static/chunks/_30228449._.js:741
[  649370ms] [WARNING] [scheduler] skipping "prepositions-place" — no eligible sentence for any type in pool @ http://localhost:3000/_next/static/chunks/_30228449._.js:741
[  668330ms] [WARNING] [scheduler] skipping "v2-word-order" — no eligible sentence for any type in pool @ http://localhost:3000/_next/static/chunks/_30228449._.js:741
[  668330ms] [WARNING] [scheduler] skipping "adjective-agreement" — no eligible sentence for any type in pool @ http://localhost:3000/_next/static/chunks/_30228449._.js:741
[  668331ms] [WARNING] [scheduler] skipping "past-tense-regular" — no eligible sentence for any type in pool @ http://localhost:3000/_next/static/chunks/_30228449._.js:741
[  668331ms] [WARNING] [scheduler] skipping "prepositions-place" — no eligible sentence for any type in pool @ http://localhost:3000/_next/static/chunks/_30228449._.js:741
[  668331ms] [WARNING] [scheduler] skipping "v2-word-order" — no eligible sentence for any type in pool @ http://localhost:3000/_next/static/chunks/_30228449._.js:741
[  668332ms] [WARNING] [scheduler] skipping "v2-word-order" — no eligible sentence for any type in pool @ http://localhost:3000/_next/static/chunks/_30228449._.js:741
[  668332ms] [WARNING] [scheduler] skipping "v2-word-order" — no eligible sentence for any type in pool @ http://localhost:3000/_next/static/chunks/_30228449._.js:741
[  668332ms] [WARNING] [scheduler] skipping "adjective-agreement" — no eligible sentence for any type in pool @ http://localhost:3000/_next/static/chunks/_30228449._.js:741
[  668333ms] [WARNING] [scheduler] skipping "past-tense-regular" — no eligible sentence for any type in pool @ http://localhost:3000/_next/static/chunks/_30228449._.js:741
[  668333ms] [WARNING] [scheduler] skipping "prepositions-place" — no eligible sentence for any type in pool @ http://localhost:3000/_next/static/chunks/_30228449._.js:741
[  668333ms] [WARNING] [scheduler] skipping "adjective-agreement" — no eligible sentence for any type in pool @ http://localhost:3000/_next/static/chunks/_30228449._.js:741
[  680867ms] [WARNING] [scheduler] skipping "v2-word-order" — no eligible sentence for any type in pool @ http://localhost:3000/_next/static/chunks/_30228449._.js:741
[  680867ms] [WARNING] [scheduler] skipping "adjective-agreement" — no eligible sentence for any type in pool @ http://localhost:3000/_next/static/chunks/_30228449._.js:741
[  680867ms] [WARNING] [scheduler] skipping "past-tense-regular" — no eligible sentence for any type in pool @ http://localhost:3000/_next/static/chunks/_30228449._.js:741
[  680868ms] [WARNING] [scheduler] skipping "prepositions-place" — no eligible sentence for any type in pool @ http://localhost:3000/_next/static/chunks/_30228449._.js:741
[  680868ms] [WARNING] [scheduler] skipping "v2-word-order" — no eligible sentence for any type in pool @ http://localhost:3000/_next/static/chunks/_30228449._.js:741
[  680868ms] [WARNING] [scheduler] skipping "v2-word-order" — no eligible sentence for any type in pool @ http://localhost:3000/_next/static/chunks/_30228449._.js:741
[  680869ms] [WARNING] [scheduler] skipping "v2-word-order" — no eligible sentence for any type in pool @ http://localhost:3000/_next/static/chunks/_30228449._.js:741
[  680869ms] [WARNING] [scheduler] skipping "adjective-agreement" — no eligible sentence for any type in pool @ http://localhost:3000/_next/static/chunks/_30228449._.js:741
[  680869ms] [WARNING] [scheduler] skipping "past-tense-regular" — no eligible sentence for any type in pool @ http://localhost:3000/_next/static/chunks/_30228449._.js:741
[  680870ms] [WARNING] [scheduler] skipping "prepositions-place" — no eligible sentence for any type in pool @ http://localhost:3000/_next/static/chunks/_30228449._.js:741
[  680870ms] [WARNING] [scheduler] skipping "personal-pronouns" — no eligible sentence for any type in pool @ http://localhost:3000/_next/static/chunks/_30228449._.js:741
[  680870ms] [WARNING] [scheduler] skipping "to-be-verb" — no eligible sentence for any type in pool @ http://localhost:3000/_next/static/chunks/_30228449._.js:741
[  680871ms] [WARNING] [scheduler] skipping "modal-verbs" — no eligible sentence for any type in pool @ http://localhost:3000/_next/static/chunks/_30228449._.js:741
[  680871ms] [WARNING] [scheduler] skipping "adjective-agreement" — no eligible sentence for any type in pool @ http://localhost:3000/_next/static/chunks/_30228449._.js:741
