[   20854ms] [WARNING] [WebLLM] generateContent attempt 1: SyntaxError: Unexpected non-whitespace character after JSON at position 139 (line 2 column 1)
    at JSON.parse (<anonymous>)
    at WebLLMService.generateContent (http://localhost:3000/_next/static/chunks/src_2bc40a4e._.js:410:37)
    at async Object.run (http://localhost:3000/_next/static/chunks/src_2bc40a4e._.js:706:28)
    at async runAll (http://localhost:3000/_next/static/chunks/src_2bc40a4e._.js:1000:36) @ http://localhost:3000/_next/static/chunks/src_2bc40a4e._.js:441
[   35358ms] [WARNING] [WebLLM] generateContent attempt 2: SyntaxError: Unexpected non-whitespace character after JSON at position 130 (line 2 column 1)
    at JSON.parse (<anonymous>)
    at WebLLMService.generateContent (http://localhost:3000/_next/static/chunks/src_2bc40a4e._.js:410:37)
    at async Object.run (http://localhost:3000/_next/static/chunks/src_2bc40a4e._.js:706:28)
    at async runAll (http://localhost:3000/_next/static/chunks/src_2bc40a4e._.js:1000:36) @ http://localhost:3000/_next/static/chunks/src_2bc40a4e._.js:441
[   50201ms] [WARNING] [WebLLM] generateContent attempt 1: SyntaxError: Unexpected non-whitespace character after JSON at position 120 (line 3 column 1)
    at JSON.parse (<anonymous>)
    at WebLLMService.generateContent (http://localhost:3000/_next/static/chunks/src_2bc40a4e._.js:410:37)
    at async Object.run (http://localhost:3000/_next/static/chunks/src_2bc40a4e._.js:706:28)
    at async runAll (http://localhost:3000/_next/static/chunks/src_2bc40a4e._.js:1000:36) @ http://localhost:3000/_next/static/chunks/src_2bc40a4e._.js:441
[   64644ms] [WARNING] [WebLLM] generateContent attempt 2: SyntaxError: Unexpected non-whitespace character after JSON at position 158 (line 3 column 1)
    at JSON.parse (<anonymous>)
    at WebLLMService.generateContent (http://localhost:3000/_next/static/chunks/src_2bc40a4e._.js:410:37)
    at async Object.run (http://localhost:3000/_next/static/chunks/src_2bc40a4e._.js:706:28)
    at async runAll (http://localhost:3000/_next/static/chunks/src_2bc40a4e._.js:1000:36) @ http://localhost:3000/_next/static/chunks/src_2bc40a4e._.js:441
[   69889ms] [WARNING] [WebLLM] generateContent attempt 1: SyntaxError: Unexpected non-whitespace character after JSON at position 153 (line 3 column 1)
    at JSON.parse (<anonymous>)
    at WebLLMService.generateContent (http://localhost:3000/_next/static/chunks/src_2bc40a4e._.js:410:37)
    at async Object.run (http://localhost:3000/_next/static/chunks/src_2bc40a4e._.js:706:28)
    at async runAll (http://localhost:3000/_next/static/chunks/src_2bc40a4e._.js:1000:36) @ http://localhost:3000/_next/static/chunks/src_2bc40a4e._.js:441
[   75913ms] [WARNING] [WebLLM] generateContent attempt 2: SyntaxError: Unexpected non-whitespace character after JSON at position 133 (line 2 column 1)
    at JSON.parse (<anonymous>)
    at WebLLMService.generateContent (http://localhost:3000/_next/static/chunks/src_2bc40a4e._.js:410:37)
    at async Object.run (http://localhost:3000/_next/static/chunks/src_2bc40a4e._.js:706:28)
    at async runAll (http://localhost:3000/_next/static/chunks/src_2bc40a4e._.js:1000:36) @ http://localhost:3000/_next/static/chunks/src_2bc40a4e._.js:441
[   89868ms] [WARNING] [WebLLM] generateContent attempt 2: SyntaxError: Unexpected non-whitespace character after JSON at position 126 (line 2 column 1)
    at JSON.parse (<anonymous>)
    at WebLLMService.generateContent (http://localhost:3000/_next/static/chunks/src_2bc40a4e._.js:410:37)
    at async Object.run (http://localhost:3000/_next/static/chunks/src_2bc40a4e._.js:720:28)
    at async runAll (http://localhost:3000/_next/static/chunks/src_2bc40a4e._.js:1000:36) @ http://localhost:3000/_next/static/chunks/src_2bc40a4e._.js:441
[  106283ms] [WARNING] [WebLLM] generateContent attempt 2: SyntaxError: Unexpected non-whitespace character after JSON at position 140 (line 2 column 1)
    at JSON.parse (<anonymous>)
    at WebLLMService.generateContent (http://localhost:3000/_next/static/chunks/src_2bc40a4e._.js:410:37)
    at async Object.run (http://localhost:3000/_next/static/chunks/src_2bc40a4e._.js:720:28)
    at async runAll (http://localhost:3000/_next/static/chunks/src_2bc40a4e._.js:1000:36) @ http://localhost:3000/_next/static/chunks/src_2bc40a4e._.js:441
[  112483ms] [WARNING] [WebLLM] generateContent attempt 1: SyntaxError: Unexpected non-whitespace character after JSON at position 71 (line 2 column 1)
    at JSON.parse (<anonymous>)
    at WebLLMService.generateContent (http://localhost:3000/_next/static/chunks/src_2bc40a4e._.js:410:37)
    at async Object.run (http://localhost:3000/_next/static/chunks/src_2bc40a4e._.js:734:28)
    at async runAll (http://localhost:3000/_next/static/chunks/src_2bc40a4e._.js:1000:36) @ http://localhost:3000/_next/static/chunks/src_2bc40a4e._.js:441
[  119018ms] [WARNING] [WebLLM] generateContent attempt 2: SyntaxError: Unexpected non-whitespace character after JSON at position 66 (line 2 column 1)
    at JSON.parse (<anonymous>)
    at WebLLMService.generateContent (http://localhost:3000/_next/static/chunks/src_2bc40a4e._.js:410:37)
    at async Object.run (http://localhost:3000/_next/static/chunks/src_2bc40a4e._.js:734:28)
    at async runAll (http://localhost:3000/_next/static/chunks/src_2bc40a4e._.js:1000:36) @ http://localhost:3000/_next/static/chunks/src_2bc40a4e._.js:441
[  124069ms] [WARNING] [WebLLM] generateContent attempt 1: SyntaxError: Unexpected non-whitespace character after JSON at position 60 (line 2 column 1)
    at JSON.parse (<anonymous>)
    at WebLLMService.generateContent (http://localhost:3000/_next/static/chunks/src_2bc40a4e._.js:410:37)
    at async Object.run (http://localhost:3000/_next/static/chunks/src_2bc40a4e._.js:734:28)
    at async runAll (http://localhost:3000/_next/static/chunks/src_2bc40a4e._.js:1000:36) @ http://localhost:3000/_next/static/chunks/src_2bc40a4e._.js:441
[  129334ms] [WARNING] [WebLLM] generateContent attempt 2: SyntaxError: Unexpected non-whitespace character after JSON at position 65 (line 2 column 1)
    at JSON.parse (<anonymous>)
    at WebLLMService.generateContent (http://localhost:3000/_next/static/chunks/src_2bc40a4e._.js:410:37)
    at async Object.run (http://localhost:3000/_next/static/chunks/src_2bc40a4e._.js:734:28)
    at async runAll (http://localhost:3000/_next/static/chunks/src_2bc40a4e._.js:1000:36) @ http://localhost:3000/_next/static/chunks/src_2bc40a4e._.js:441
[  135372ms] [WARNING] [WebLLM] generateContent attempt 1: SyntaxError: Unexpected non-whitespace character after JSON at position 84 (line 2 column 1)
    at JSON.parse (<anonymous>)
    at WebLLMService.generateContent (http://localhost:3000/_next/static/chunks/src_2bc40a4e._.js:410:37)
    at async Object.run (http://localhost:3000/_next/static/chunks/src_2bc40a4e._.js:734:28)
    at async runAll (http://localhost:3000/_next/static/chunks/src_2bc40a4e._.js:1000:36) @ http://localhost:3000/_next/static/chunks/src_2bc40a4e._.js:441
[  141486ms] [WARNING] [WebLLM] generateContent attempt 2: SyntaxError: Unexpected non-whitespace character after JSON at position 65 (line 2 column 1)
    at JSON.parse (<anonymous>)
    at WebLLMService.generateContent (http://localhost:3000/_next/static/chunks/src_2bc40a4e._.js:410:37)
    at async Object.run (http://localhost:3000/_next/static/chunks/src_2bc40a4e._.js:734:28)
    at async runAll (http://localhost:3000/_next/static/chunks/src_2bc40a4e._.js:1000:36) @ http://localhost:3000/_next/static/chunks/src_2bc40a4e._.js:441
[  148811ms] [WARNING] [WebLLM] generateContent attempt 1: SyntaxError: Unexpected non-whitespace character after JSON at position 70 (line 2 column 1)
    at JSON.parse (<anonymous>)
    at WebLLMService.generateContent (http://localhost:3000/_next/static/chunks/src_2bc40a4e._.js:410:37)
    at async Object.run (http://localhost:3000/_next/static/chunks/src_2bc40a4e._.js:749:28)
    at async runAll (http://localhost:3000/_next/static/chunks/src_2bc40a4e._.js:1000:36) @ http://localhost:3000/_next/static/chunks/src_2bc40a4e._.js:441
[  155607ms] [WARNING] [WebLLM] generateContent attempt 2: SyntaxError: Unexpected non-whitespace character after JSON at position 58 (line 2 column 1)
    at JSON.parse (<anonymous>)
    at WebLLMService.generateContent (http://localhost:3000/_next/static/chunks/src_2bc40a4e._.js:410:37)
    at async Object.run (http://localhost:3000/_next/static/chunks/src_2bc40a4e._.js:749:28)
    at async runAll (http://localhost:3000/_next/static/chunks/src_2bc40a4e._.js:1000:36) @ http://localhost:3000/_next/static/chunks/src_2bc40a4e._.js:441
[  164746ms] [WARNING] [WebLLM] generateContent attempt 1: SyntaxError: Unexpected non-whitespace character after JSON at position 88 (line 2 column 1)
    at JSON.parse (<anonymous>)
    at WebLLMService.generateContent (http://localhost:3000/_next/static/chunks/src_2bc40a4e._.js:410:37)
    at async Object.run (http://localhost:3000/_next/static/chunks/src_2bc40a4e._.js:749:28)
    at async runAll (http://localhost:3000/_next/static/chunks/src_2bc40a4e._.js:1000:36) @ http://localhost:3000/_next/static/chunks/src_2bc40a4e._.js:441
[  171934ms] [WARNING] [WebLLM] generateContent attempt 2: SyntaxError: Unexpected non-whitespace character after JSON at position 58 (line 2 column 1)
    at JSON.parse (<anonymous>)
    at WebLLMService.generateContent (http://localhost:3000/_next/static/chunks/src_2bc40a4e._.js:410:37)
    at async Object.run (http://localhost:3000/_next/static/chunks/src_2bc40a4e._.js:749:28)
    at async runAll (http://localhost:3000/_next/static/chunks/src_2bc40a4e._.js:1000:36) @ http://localhost:3000/_next/static/chunks/src_2bc40a4e._.js:441
[  179170ms] [WARNING] [WebLLM] generateContent attempt 1: SyntaxError: Unexpected non-whitespace character after JSON at position 58 (line 2 column 1)
    at JSON.parse (<anonymous>)
    at WebLLMService.generateContent (http://localhost:3000/_next/static/chunks/src_2bc40a4e._.js:410:37)
    at async Object.run (http://localhost:3000/_next/static/chunks/src_2bc40a4e._.js:749:28)
    at async runAll (http://localhost:3000/_next/static/chunks/src_2bc40a4e._.js:1000:36) @ http://localhost:3000/_next/static/chunks/src_2bc40a4e._.js:441
[  186319ms] [WARNING] [WebLLM] generateContent attempt 2: SyntaxError: Unexpected non-whitespace character after JSON at position 61 (line 2 column 1)
    at JSON.parse (<anonymous>)
    at WebLLMService.generateContent (http://localhost:3000/_next/static/chunks/src_2bc40a4e._.js:410:37)
    at async Object.run (http://localhost:3000/_next/static/chunks/src_2bc40a4e._.js:749:28)
    at async runAll (http://localhost:3000/_next/static/chunks/src_2bc40a4e._.js:1000:36) @ http://localhost:3000/_next/static/chunks/src_2bc40a4e._.js:441
