[     343ms] [ERROR] Failed to load resource: the server responded with a status of 500 (Internal Server Error) @ http://localhost:3000/recalibrate:0
[     460ms] [INFO] %cDownload the React DevTools for a better development experience: https://react.dev/link/react-devtools font-weight:bold @ http://localhost:3000/_next/static/chunks/node_modules_react-dom_4411d9bd._.js:15305
[     529ms] Error: ENOENT: no such file or directory, open 'C:\Users\daveb\Documents\GitHub\Language-app\.next\server\app\recalibrate\page\app-build-manifest.json'
    at async open (node:internal/fs/promises:637:25)
    at async readFile (node:internal/fs/promises:1269:14)
    at async readPartialManifest (file://C:\Users\daveb\Documents\GitHub\Language-app\node_modules\next\dist\shared\lib\turbopack\manifest-loader.js:47:23)
    at async TurbopackManifestLoader.loadAppBuildManifest (file://C:\Users\daveb\Documents\GitHub\Language-app\node_modules\next\dist\shared\lib\turbopack\manifest-loader.js:111:91)
    at async handleRouteType (file://C:\Users\daveb\Documents\GitHub\Language-app\node_modules\next\dist\server\dev\turbopack-utils.js:296:17)
    at async (file://C:\Users\daveb\Documents\GitHub\Language-app\node_modules\next\dist\server\dev\hot-reloader-turbopack.js:889:21)
    at async Span.traceAsyncFn (file://C:\Users\daveb\Documents\GitHub\Language-app\node_modules\next\dist\trace\trace.js:157:20)
    at async DevBundlerService.ensurePage (file://C:\Users\daveb\Documents\GitHub\Language-app\node_modules\next\dist\server\lib\dev-bundler-service.js:20:20)
    at async DevServer.ensurePage (file://C:\Users\daveb\Documents\GitHub\Language-app\node_modules\next\dist\server\dev\next-dev-server.js:686:9)
    at async Object.ensure (file://C:\Users\daveb\Documents\GitHub\Language-app\node_modules\next\dist\server\dev\next-dev-server.js:201:17)
    at async DevRouteMatcherManager.matchAll (file://C:\Users\daveb\Documents\GitHub\Language-app\node_modules\next\dist\server\route-matcher-managers\dev-route-matcher-manager.js:93:13)
    at async DevRouteMatcherManager.match (file://C:\Users\daveb\Documents\GitHub\Language-app\node_modules\next\dist\server\route-matcher-managers\default-route-matcher-manager.js:163:26)
    at async NextNodeServer.handleCatchallRenderRequest (file://C:\Users\daveb\Documents\GitHub\Language-app\node_modules\next\dist\server\next-server.js:340:31)
    at async DevServer.handleRequestImpl (file://C:\Users\daveb\Documents\GitHub\Language-app\node_modules\next\dist\server\base-server.js:917:17)
    at async (file://C:\Users\daveb\Documents\GitHub\Language-app\node_modules\next\dist\server\dev\next-dev-server.js:400:20)
    at async Span.traceAsyncFn (file://C:\Users\daveb\Documents\GitHub\Language-app\node_modules\next\dist\trace\trace.js:157:20)
    at async DevServer.handleRequest (file://C:\Users\daveb\Documents\GitHub\Language-app\node_modules\next\dist\server\dev\next-dev-server.js:396:24)
    at async invokeRender (file://C:\Users\daveb\Documents\GitHub\Language-app\node_modules\next\dist\server\lib\router-server.js:240:21)
    at async handleRequest (file://C:\Users\daveb\Documents\GitHub\Language-app\node_modules\next\dist\server\lib\router-server.js:437:24)
    at async requestHandlerImpl (file://C:\Users\daveb\Documents\GitHub\Language-app\node_modules\next\dist\server\lib\router-server.js:485:13)
    at async Server.requestListener (file://C:\Users\daveb\Documents\GitHub\Language-app\node_modules\next\dist\server\lib\start-server.js:226:13)
[     526ms] [LOG] [HMR] connected @ http://localhost:3000/_next/static/chunks/node_modules_next_dist_client_d0aa886c._.js:2208
