[   16228ms] [WARNING] [scheduler] skipping "v2-word-order" — no eligible sentence for any type in pool @ http://localhost:3000/_next/static/chunks/_071af82d._.js:741
[   16228ms] [WARNING] [scheduler] skipping "adjective-agreement" — no eligible sentence for any type in pool @ http://localhost:3000/_next/static/chunks/_071af82d._.js:741
[   16229ms] [WARNING] [scheduler] skipping "past-tense-regular" — no eligible sentence for any type in pool @ http://localhost:3000/_next/static/chunks/_071af82d._.js:741
[   16229ms] [WARNING] [scheduler] skipping "v2-word-order" — no eligible sentence for any type in pool @ http://localhost:3000/_next/static/chunks/_071af82d._.js:741
[   16229ms] [WARNING] [scheduler] skipping "v2-word-order" — no eligible sentence for any type in pool @ http://localhost:3000/_next/static/chunks/_071af82d._.js:741
[   16230ms] [WARNING] [scheduler] skipping "v2-word-order" — no eligible sentence for any type in pool @ http://localhost:3000/_next/static/chunks/_071af82d._.js:741
[   16230ms] [WARNING] [scheduler] skipping "adjective-agreement" — no eligible sentence for any type in pool @ http://localhost:3000/_next/static/chunks/_071af82d._.js:741
[   16231ms] [WARNING] [scheduler] skipping "question-formation" — no eligible sentence for any type in pool @ http://localhost:3000/_next/static/chunks/_071af82d._.js:741
[   16231ms] [WARNING] [scheduler] skipping "past-tense-regular" — no eligible sentence for any type in pool @ http://localhost:3000/_next/static/chunks/_071af82d._.js:741
[   16231ms] [WARNING] [scheduler] skipping "personal-pronouns" — no eligible sentence for any type in pool @ http://localhost:3000/_next/static/chunks/_071af82d._.js:741
[   16232ms] [WARNING] [scheduler] skipping "to-be-verb" — no eligible sentence for any type in pool @ http://localhost:3000/_next/static/chunks/_071af82d._.js:741
[   16232ms] [WARNING] [scheduler] skipping "modal-verbs" — no eligible sentence for any type in pool @ http://localhost:3000/_next/static/chunks/_071af82d._.js:741
[   16238ms] [WARNING] [scheduler] skipping "v2-word-order" — no eligible sentence for any type in pool @ http://localhost:3000/_next/static/chunks/_071af82d._.js:741
[   16238ms] [WARNING] [scheduler] skipping "adjective-agreement" — no eligible sentence for any type in pool @ http://localhost:3000/_next/static/chunks/_071af82d._.js:741
[   16239ms] [WARNING] [scheduler] skipping "past-tense-regular" — no eligible sentence for any type in pool @ http://localhost:3000/_next/static/chunks/_071af82d._.js:741
[   16239ms] [WARNING] [scheduler] skipping "v2-word-order" — no eligible sentence for any type in pool @ http://localhost:3000/_next/static/chunks/_071af82d._.js:741
[   16239ms] [WARNING] [scheduler] skipping "v2-word-order" — no eligible sentence for any type in pool @ http://localhost:3000/_next/static/chunks/_071af82d._.js:741
[   16240ms] [WARNING] [scheduler] skipping "v2-word-order" — no eligible sentence for any type in pool @ http://localhost:3000/_next/static/chunks/_071af82d._.js:741
[   16240ms] [WARNING] [scheduler] skipping "adjective-agreement" — no eligible sentence for any type in pool @ http://localhost:3000/_next/static/chunks/_071af82d._.js:741
[   16240ms] [WARNING] [scheduler] skipping "question-formation" — no eligible sentence for any type in pool @ http://localhost:3000/_next/static/chunks/_071af82d._.js:741
[   16241ms] [WARNING] [scheduler] skipping "past-tense-regular" — no eligible sentence for any type in pool @ http://localhost:3000/_next/static/chunks/_071af82d._.js:741
[   16241ms] [WARNING] [scheduler] skipping "personal-pronouns" — no eligible sentence for any type in pool @ http://localhost:3000/_next/static/chunks/_071af82d._.js:741
[   16241ms] [WARNING] [scheduler] skipping "to-be-verb" — no eligible sentence for any type in pool @ http://localhost:3000/_next/static/chunks/_071af82d._.js:741
[   16242ms] [WARNING] [scheduler] skipping "adjective-agreement" — no eligible sentence for any type in pool @ http://localhost:3000/_next/static/chunks/_071af82d._.js:741
[   16349ms] [WARNING] [scheduler] skipping "v2-word-order" — no eligible sentence for any type in pool @ http://localhost:3000/_next/static/chunks/_071af82d._.js:741
[   16350ms] [WARNING] [scheduler] skipping "adjective-agreement" — no eligible sentence for any type in pool @ http://localhost:3000/_next/static/chunks/_071af82d._.js:741
[   16350ms] [WARNING] [scheduler] skipping "past-tense-regular" — no eligible sentence for any type in pool @ http://localhost:3000/_next/static/chunks/_071af82d._.js:741
[   16350ms] [WARNING] [scheduler] skipping "v2-word-order" — no eligible sentence for any type in pool @ http://localhost:3000/_next/static/chunks/_071af82d._.js:741
[   16351ms] [WARNING] [scheduler] skipping "v2-word-order" — no eligible sentence for any type in pool @ http://localhost:3000/_next/static/chunks/_071af82d._.js:741
[   16351ms] [WARNING] [scheduler] skipping "v2-word-order" — no eligible sentence for any type in pool @ http://localhost:3000/_next/static/chunks/_071af82d._.js:741
[   16351ms] [WARNING] [scheduler] skipping "adjective-agreement" — no eligible sentence for any type in pool @ http://localhost:3000/_next/static/chunks/_071af82d._.js:741
[   16352ms] [WARNING] [scheduler] skipping "question-formation" — no eligible sentence for any type in pool @ http://localhost:3000/_next/static/chunks/_071af82d._.js:741
[   16352ms] [WARNING] [scheduler] skipping "past-tense-regular" — no eligible sentence for any type in pool @ http://localhost:3000/_next/static/chunks/_071af82d._.js:741
[   16352ms] [WARNING] [scheduler] skipping "personal-pronouns" — no eligible sentence for any type in pool @ http://localhost:3000/_next/static/chunks/_071af82d._.js:741
[   16353ms] [WARNING] [scheduler] skipping "to-be-verb" — no eligible sentence for any type in pool @ http://localhost:3000/_next/static/chunks/_071af82d._.js:741
