[  646867ms] [WARNING] Detected `scroll-behavior: smooth` on the `<html>` element. In a future version, Next.js will no longer automatically disable smooth scrolling during route transitions. To prepare for this change, add `data-scroll-behavior="smooth"` to your <html> element. Learn more: https://nextjs.org/docs/messages/missing-data-scroll-behavior @ http://localhost:3000/_next/static/chunks/node_modules_next_dist_b0daae9a._.js:1014
[  646879ms] [WARNING] [scheduler] skipping "negation-placement" — no eligible sentence for any type in pool @ http://localhost:3000/_next/static/chunks/_85172c20._.js:1783
[  646879ms] [WARNING] [scheduler] skipping "modal-verbs" — no eligible sentence for any type in pool @ http://localhost:3000/_next/static/chunks/_85172c20._.js:1783
[  646880ms] [WARNING] [scheduler] skipping "negation-placement" — no eligible sentence for any type in pool @ http://localhost:3000/_next/static/chunks/_85172c20._.js:1783
[  646880ms] [WARNING] [scheduler] skipping "negation-placement" — no eligible sentence for any type in pool @ http://localhost:3000/_next/static/chunks/_85172c20._.js:1783
[  646880ms] [WARNING] [scheduler] skipping "negation-placement" — no eligible sentence for any type in pool @ http://localhost:3000/_next/static/chunks/_85172c20._.js:1783
[  646881ms] [WARNING] [scheduler] skipping "modal-verbs" — no eligible sentence for any type in pool @ http://localhost:3000/_next/static/chunks/_85172c20._.js:1783
[  646882ms] [WARNING] [scheduler] skipping "modal-verbs" — no eligible sentence for any type in pool @ http://localhost:3000/_next/static/chunks/_85172c20._.js:1783
[  689609ms] [WARNING] [scheduler] skipping "negation-placement" — no eligible sentence for any type in pool @ http://localhost:3000/_next/static/chunks/_85172c20._.js:1783
[  689609ms] [WARNING] [scheduler] skipping "modal-verbs" — no eligible sentence for any type in pool @ http://localhost:3000/_next/static/chunks/_85172c20._.js:1783
[  689609ms] [WARNING] [scheduler] skipping "negation-placement" — no eligible sentence for any type in pool @ http://localhost:3000/_next/static/chunks/_85172c20._.js:1783
[  689610ms] [WARNING] [scheduler] skipping "negation-placement" — no eligible sentence for any type in pool @ http://localhost:3000/_next/static/chunks/_85172c20._.js:1783
[  689610ms] [WARNING] [scheduler] skipping "negation-placement" — no eligible sentence for any type in pool @ http://localhost:3000/_next/static/chunks/_85172c20._.js:1783
[  689610ms] [WARNING] [scheduler] skipping "modal-verbs" — no eligible sentence for any type in pool @ http://localhost:3000/_next/static/chunks/_85172c20._.js:1783
[  692418ms] [WARNING] [scheduler] skipping "negation-placement" — no eligible sentence for any type in pool @ http://localhost:3000/_next/static/chunks/_85172c20._.js:1783
[  692419ms] [WARNING] [scheduler] skipping "adjective-agreement" — no eligible sentence for any type in pool @ http://localhost:3000/_next/static/chunks/_85172c20._.js:1783
[  692419ms] [WARNING] [scheduler] skipping "v2-word-order" — no eligible sentence for any type in pool @ http://localhost:3000/_next/static/chunks/_85172c20._.js:1783
[  692419ms] [WARNING] [scheduler] skipping "modal-verbs" — no eligible sentence for any type in pool @ http://localhost:3000/_next/static/chunks/_85172c20._.js:1783
[  692420ms] [WARNING] [scheduler] skipping "negation-placement" — no eligible sentence for any type in pool @ http://localhost:3000/_next/static/chunks/_85172c20._.js:1783
[  692420ms] [WARNING] [scheduler] skipping "negation-placement" — no eligible sentence for any type in pool @ http://localhost:3000/_next/static/chunks/_85172c20._.js:1783
[  692421ms] [WARNING] [scheduler] skipping "negation-placement" — no eligible sentence for any type in pool @ http://localhost:3000/_next/static/chunks/_85172c20._.js:1783
[  692421ms] [WARNING] [scheduler] skipping "adjective-agreement" — no eligible sentence for any type in pool @ http://localhost:3000/_next/static/chunks/_85172c20._.js:1783
[  692421ms] [WARNING] [scheduler] skipping "v2-word-order" — no eligible sentence for any type in pool @ http://localhost:3000/_next/static/chunks/_85172c20._.js:1783
[  692421ms] [WARNING] [scheduler] skipping "modal-verbs" — no eligible sentence for any type in pool @ http://localhost:3000/_next/static/chunks/_85172c20._.js:1783
[  692422ms] [WARNING] [scheduler] skipping "v2-word-order" — no eligible sentence for any type in pool @ http://localhost:3000/_next/static/chunks/_85172c20._.js:1783
[  692422ms] [WARNING] [scheduler] skipping "adjective-agreement" — no eligible sentence for any type in pool @ http://localhost:3000/_next/static/chunks/_85172c20._.js:1783
[  692425ms] [WARNING] [scheduler] skipping "negation-placement" — no eligible sentence for any type in pool @ http://localhost:3000/_next/static/chunks/_85172c20._.js:1783
[  692425ms] [WARNING] [scheduler] skipping "adjective-agreement" — no eligible sentence for any type in pool @ http://localhost:3000/_next/static/chunks/_85172c20._.js:1783
[  692425ms] [WARNING] [scheduler] skipping "v2-word-order" — no eligible sentence for any type in pool @ http://localhost:3000/_next/static/chunks/_85172c20._.js:1783
[  692426ms] [WARNING] [scheduler] skipping "modal-verbs" — no eligible sentence for any type in pool @ http://localhost:3000/_next/static/chunks/_85172c20._.js:1783
[  692426ms] [WARNING] [scheduler] skipping "negation-placement" — no eligible sentence for any type in pool @ http://localhost:3000/_next/static/chunks/_85172c20._.js:1783
[  692426ms] [WARNING] [scheduler] skipping "negation-placement" — no eligible sentence for any type in pool @ http://localhost:3000/_next/static/chunks/_85172c20._.js:1783
[  692426ms] [WARNING] [scheduler] skipping "negation-placement" — no eligible sentence for any type in pool @ http://localhost:3000/_next/static/chunks/_85172c20._.js:1783
[  692427ms] [WARNING] [scheduler] skipping "adjective-agreement" — no eligible sentence for any type in pool @ http://localhost:3000/_next/static/chunks/_85172c20._.js:1783
[  692427ms] [WARNING] [scheduler] skipping "v2-word-order" — no eligible sentence for any type in pool @ http://localhost:3000/_next/static/chunks/_85172c20._.js:1783
[  692427ms] [WARNING] [scheduler] skipping "modal-verbs" — no eligible sentence for any type in pool @ http://localhost:3000/_next/static/chunks/_85172c20._.js:1783
[  692427ms] [WARNING] [scheduler] skipping "adjective-agreement" — no eligible sentence for any type in pool @ http://localhost:3000/_next/static/chunks/_85172c20._.js:1783
[  692465ms] [WARNING] [scheduler] skipping "negation-placement" — no eligible sentence for any type in pool @ http://localhost:3000/_next/static/chunks/_85172c20._.js:1783
[  692466ms] [WARNING] [scheduler] skipping "adjective-agreement" — no eligible sentence for any type in pool @ http://localhost:3000/_next/static/chunks/_85172c20._.js:1783
[  692466ms] [WARNING] [scheduler] skipping "v2-word-order" — no eligible sentence for any type in pool @ http://localhost:3000/_next/static/chunks/_85172c20._.js:1783
[  692466ms] [WARNING] [scheduler] skipping "modal-verbs" — no eligible sentence for any type in pool @ http://localhost:3000/_next/static/chunks/_85172c20._.js:1783
[  692467ms] [WARNING] [scheduler] skipping "negation-placement" — no eligible sentence for any type in pool @ http://localhost:3000/_next/static/chunks/_85172c20._.js:1783
[  692467ms] [WARNING] [scheduler] skipping "negation-placement" — no eligible sentence for any type in pool @ http://localhost:3000/_next/static/chunks/_85172c20._.js:1783
[  692467ms] [WARNING] [scheduler] skipping "negation-placement" — no eligible sentence for any type in pool @ http://localhost:3000/_next/static/chunks/_85172c20._.js:1783
[  692467ms] [WARNING] [scheduler] skipping "adjective-agreement" — no eligible sentence for any type in pool @ http://localhost:3000/_next/static/chunks/_85172c20._.js:1783
[  692467ms] [WARNING] [scheduler] skipping "v2-word-order" — no eligible sentence for any type in pool @ http://localhost:3000/_next/static/chunks/_85172c20._.js:1783
[  692468ms] [WARNING] [scheduler] skipping "modal-verbs" — no eligible sentence for any type in pool @ http://localhost:3000/_next/static/chunks/_85172c20._.js:1783
[  692468ms] [WARNING] [scheduler] skipping "negation-placement" — no eligible sentence for any type in pool @ http://localhost:3000/_next/static/chunks/_85172c20._.js:1783
[  692468ms] [WARNING] [scheduler] skipping "modal-verbs" — no eligible sentence for any type in pool @ http://localhost:3000/_next/static/chunks/_85172c20._.js:1783
[  783804ms] [ERROR] Failed to load resource: the server responded with a status of 404 (Not Found) @ http://localhost:3000/dashboard?_rsc=OgyiEg4K7PT6Wfsf:0
[  784557ms] [WARNING] [scheduler] skipping "negation-placement" — no eligible sentence for any type in pool @ http://localhost:3000/_next/static/chunks/_e16554e6._.js:741
[  784558ms] [WARNING] [scheduler] skipping "adjective-agreement" — no eligible sentence for any type in pool @ http://localhost:3000/_next/static/chunks/_e16554e6._.js:741
[  784558ms] [WARNING] [scheduler] skipping "v2-word-order" — no eligible sentence for any type in pool @ http://localhost:3000/_next/static/chunks/_e16554e6._.js:741
[  784558ms] [WARNING] [scheduler] skipping "modal-verbs" — no eligible sentence for any type in pool @ http://localhost:3000/_next/static/chunks/_e16554e6._.js:741
[  784559ms] [WARNING] [scheduler] skipping "negation-placement" — no eligible sentence for any type in pool @ http://localhost:3000/_next/static/chunks/_e16554e6._.js:741
[  784559ms] [WARNING] [scheduler] skipping "negation-placement" — no eligible sentence for any type in pool @ http://localhost:3000/_next/static/chunks/_e16554e6._.js:741
[  784560ms] [WARNING] [scheduler] skipping "negation-placement" — no eligible sentence for any type in pool @ http://localhost:3000/_next/static/chunks/_e16554e6._.js:741
[  784560ms] [WARNING] [scheduler] skipping "adjective-agreement" — no eligible sentence for any type in pool @ http://localhost:3000/_next/static/chunks/_e16554e6._.js:741
[  784561ms] [WARNING] [scheduler] skipping "v2-word-order" — no eligible sentence for any type in pool @ http://localhost:3000/_next/static/chunks/_e16554e6._.js:741
[  784561ms] [WARNING] [scheduler] skipping "modal-verbs" — no eligible sentence for any type in pool @ http://localhost:3000/_next/static/chunks/_e16554e6._.js:741
[  784562ms] [WARNING] [scheduler] skipping "negation-placement" — no eligible sentence for any type in pool @ http://localhost:3000/_next/static/chunks/_e16554e6._.js:741
[  784562ms] [WARNING] [scheduler] skipping "v2-word-order" — no eligible sentence for any type in pool @ http://localhost:3000/_next/static/chunks/_e16554e6._.js:741
