[     694ms] [WARNING] [scheduler] skipping "v2-word-order" — no eligible sentence for any type in pool @ http://localhost:3000/_next/static/chunks/_30228449._.js:741
[     695ms] [WARNING] [scheduler] skipping "adjective-agreement" — no eligible sentence for any type in pool @ http://localhost:3000/_next/static/chunks/_30228449._.js:741
[     695ms] [WARNING] [scheduler] skipping "past-tense-regular" — no eligible sentence for any type in pool @ http://localhost:3000/_next/static/chunks/_30228449._.js:741
[     696ms] [WARNING] [scheduler] skipping "prepositions-place" — no eligible sentence for any type in pool @ http://localhost:3000/_next/static/chunks/_30228449._.js:741
[     696ms] [WARNING] [scheduler] skipping "v2-word-order" — no eligible sentence for any type in pool @ http://localhost:3000/_next/static/chunks/_30228449._.js:741
[     697ms] [WARNING] [scheduler] skipping "v2-word-order" — no eligible sentence for any type in pool @ http://localhost:3000/_next/static/chunks/_30228449._.js:741
[     697ms] [WARNING] [scheduler] skipping "v2-word-order" — no eligible sentence for any type in pool @ http://localhost:3000/_next/static/chunks/_30228449._.js:741
[     698ms] [WARNING] [scheduler] skipping "adjective-agreement" — no eligible sentence for any type in pool @ http://localhost:3000/_next/static/chunks/_30228449._.js:741
[     698ms] [WARNING] [scheduler] skipping "past-tense-regular" — no eligible sentence for any type in pool @ http://localhost:3000/_next/static/chunks/_30228449._.js:741
[     698ms] [WARNING] [scheduler] skipping "prepositions-place" — no eligible sentence for any type in pool @ http://localhost:3000/_next/static/chunks/_30228449._.js:741
[     699ms] [WARNING] [scheduler] skipping "personal-pronouns" — no eligible sentence for any type in pool @ http://localhost:3000/_next/static/chunks/_30228449._.js:741
[     700ms] [WARNING] [scheduler] skipping "to-be-verb" — no eligible sentence for any type in pool @ http://localhost:3000/_next/static/chunks/_30228449._.js:741
[     700ms] [WARNING] [scheduler] skipping "v2-word-order" — no eligible sentence for any type in pool @ http://localhost:3000/_next/static/chunks/_30228449._.js:741
[     701ms] [WARNING] [scheduler] skipping "negation-placement" — no eligible sentence for any type in pool @ http://localhost:3000/_next/static/chunks/_30228449._.js:741
[   49390ms] [WARNING] [scheduler] skipping "past-tense-regular" — no eligible sentence for any type in pool @ http://localhost:3000/_next/static/chunks/_30228449._.js:741
[   49391ms] [WARNING] [scheduler] skipping "prepositions-place" — no eligible sentence for any type in pool @ http://localhost:3000/_next/static/chunks/_30228449._.js:741
[   49391ms] [WARNING] [scheduler] skipping "past-tense-regular" — no eligible sentence for any type in pool @ http://localhost:3000/_next/static/chunks/_30228449._.js:741
[   49391ms] [WARNING] [scheduler] skipping "prepositions-place" — no eligible sentence for any type in pool @ http://localhost:3000/_next/static/chunks/_30228449._.js:741
[   49392ms] [WARNING] [scheduler] skipping "past-tense-regular" — no eligible sentence for any type in pool @ http://localhost:3000/_next/static/chunks/_30228449._.js:741
[   49392ms] [WARNING] [scheduler] skipping "past-tense-regular" — no eligible sentence for any type in pool @ http://localhost:3000/_next/static/chunks/_30228449._.js:741
[  217511ms] [WARNING] [scheduler] skipping "v2-word-order" — no eligible sentence for any type in pool @ http://localhost:3000/_next/static/chunks/_30228449._.js:741
[  217511ms] [WARNING] [scheduler] skipping "adjective-agreement" — no eligible sentence for any type in pool @ http://localhost:3000/_next/static/chunks/_30228449._.js:741
[  217511ms] [WARNING] [scheduler] skipping "past-tense-regular" — no eligible sentence for any type in pool @ http://localhost:3000/_next/static/chunks/_30228449._.js:741
[  217512ms] [WARNING] [scheduler] skipping "v2-word-order" — no eligible sentence for any type in pool @ http://localhost:3000/_next/static/chunks/_30228449._.js:741
[  217512ms] [WARNING] [scheduler] skipping "v2-word-order" — no eligible sentence for any type in pool @ http://localhost:3000/_next/static/chunks/_30228449._.js:741
[  217512ms] [WARNING] [scheduler] skipping "v2-word-order" — no eligible sentence for any type in pool @ http://localhost:3000/_next/static/chunks/_30228449._.js:741
[  217513ms] [WARNING] [scheduler] skipping "adjective-agreement" — no eligible sentence for any type in pool @ http://localhost:3000/_next/static/chunks/_30228449._.js:741
[  217513ms] [WARNING] [scheduler] skipping "question-formation" — no eligible sentence for any type in pool @ http://localhost:3000/_next/static/chunks/_30228449._.js:741
[  217513ms] [WARNING] [scheduler] skipping "past-tense-regular" — no eligible sentence for any type in pool @ http://localhost:3000/_next/static/chunks/_30228449._.js:741
[  217514ms] [WARNING] [scheduler] skipping "personal-pronouns" — no eligible sentence for any type in pool @ http://localhost:3000/_next/static/chunks/_30228449._.js:741
[  217514ms] [WARNING] [scheduler] skipping "to-be-verb" — no eligible sentence for any type in pool @ http://localhost:3000/_next/static/chunks/_30228449._.js:741
[  217514ms] [WARNING] [scheduler] skipping "modal-verbs" — no eligible sentence for any type in pool @ http://localhost:3000/_next/static/chunks/_30228449._.js:741
[  217514ms] [WARNING] [scheduler] skipping "negation-placement" — no eligible sentence for any type in pool @ http://localhost:3000/_next/static/chunks/_30228449._.js:741
[  217518ms] [WARNING] [scheduler] skipping "v2-word-order" — no eligible sentence for any type in pool @ http://localhost:3000/_next/static/chunks/_30228449._.js:741
[  217519ms] [WARNING] [scheduler] skipping "adjective-agreement" — no eligible sentence for any type in pool @ http://localhost:3000/_next/static/chunks/_30228449._.js:741
[  217519ms] [WARNING] [scheduler] skipping "past-tense-regular" — no eligible sentence for any type in pool @ http://localhost:3000/_next/static/chunks/_30228449._.js:741
[  217519ms] [WARNING] [scheduler] skipping "v2-word-order" — no eligible sentence for any type in pool @ http://localhost:3000/_next/static/chunks/_30228449._.js:741
[  217519ms] [WARNING] [scheduler] skipping "v2-word-order" — no eligible sentence for any type in pool @ http://localhost:3000/_next/static/chunks/_30228449._.js:741
[  217520ms] [WARNING] [scheduler] skipping "v2-word-order" — no eligible sentence for any type in pool @ http://localhost:3000/_next/static/chunks/_30228449._.js:741
[  217520ms] [WARNING] [scheduler] skipping "adjective-agreement" — no eligible sentence for any type in pool @ http://localhost:3000/_next/static/chunks/_30228449._.js:741
[  217521ms] [WARNING] [scheduler] skipping "question-formation" — no eligible sentence for any type in pool @ http://localhost:3000/_next/static/chunks/_30228449._.js:741
[  217521ms] [WARNING] [scheduler] skipping "past-tense-regular" — no eligible sentence for any type in pool @ http://localhost:3000/_next/static/chunks/_30228449._.js:741
[  217521ms] [WARNING] [scheduler] skipping "personal-pronouns" — no eligible sentence for any type in pool @ http://localhost:3000/_next/static/chunks/_30228449._.js:741
[  217521ms] [WARNING] [scheduler] skipping "to-be-verb" — no eligible sentence for any type in pool @ http://localhost:3000/_next/static/chunks/_30228449._.js:741
[  217522ms] [WARNING] [scheduler] skipping "v2-word-order" — no eligible sentence for any type in pool @ http://localhost:3000/_next/static/chunks/_30228449._.js:741
[  217522ms] [WARNING] [scheduler] skipping "adjective-agreement" — no eligible sentence for any type in pool @ http://localhost:3000/_next/static/chunks/_30228449._.js:741
[  217581ms] [WARNING] [scheduler] skipping "v2-word-order" — no eligible sentence for any type in pool @ http://localhost:3000/_next/static/chunks/_30228449._.js:741
[  217581ms] [WARNING] [scheduler] skipping "adjective-agreement" — no eligible sentence for any type in pool @ http://localhost:3000/_next/static/chunks/_30228449._.js:741
[  217581ms] [WARNING] [scheduler] skipping "past-tense-regular" — no eligible sentence for any type in pool @ http://localhost:3000/_next/static/chunks/_30228449._.js:741
[  217582ms] [WARNING] [scheduler] skipping "v2-word-order" — no eligible sentence for any type in pool @ http://localhost:3000/_next/static/chunks/_30228449._.js:741
[  217582ms] [WARNING] [scheduler] skipping "v2-word-order" — no eligible sentence for any type in pool @ http://localhost:3000/_next/static/chunks/_30228449._.js:741
[  217582ms] [WARNING] [scheduler] skipping "v2-word-order" — no eligible sentence for any type in pool @ http://localhost:3000/_next/static/chunks/_30228449._.js:741
[  217582ms] [WARNING] [scheduler] skipping "adjective-agreement" — no eligible sentence for any type in pool @ http://localhost:3000/_next/static/chunks/_30228449._.js:741
[  217583ms] [WARNING] [scheduler] skipping "question-formation" — no eligible sentence for any type in pool @ http://localhost:3000/_next/static/chunks/_30228449._.js:741
[  217583ms] [WARNING] [scheduler] skipping "past-tense-regular" — no eligible sentence for any type in pool @ http://localhost:3000/_next/static/chunks/_30228449._.js:741
[  217583ms] [WARNING] [scheduler] skipping "personal-pronouns" — no eligible sentence for any type in pool @ http://localhost:3000/_next/static/chunks/_30228449._.js:741
[  217584ms] [WARNING] [scheduler] skipping "to-be-verb" — no eligible sentence for any type in pool @ http://localhost:3000/_next/static/chunks/_30228449._.js:741
[  217584ms] [WARNING] [scheduler] skipping "v2-word-order" — no eligible sentence for any type in pool @ http://localhost:3000/_next/static/chunks/_30228449._.js:741
[  231389ms] [WARNING] [scheduler] skipping "past-tense-regular" — no eligible sentence for any type in pool @ http://localhost:3000/_next/static/chunks/_30228449._.js:741
[  231389ms] [WARNING] [scheduler] skipping "past-tense-regular" — no eligible sentence for any type in pool @ http://localhost:3000/_next/static/chunks/_30228449._.js:741
